!! WITH-THEORY (ADMISSIBILITY-CLOSURE) run -- the paper's own cell weighting, not a spin-foam amplitude.
   beta=1.0  eta=0.0298668  lambda_inj=3.0  placebo=True
   [fidelity] injective ensemble at this eta: <K^2>=50.223 (closure relation 3/(2 eta)=50.223)  entropy=7.4198 (paper: 7.4198 at eta*)
# [placebo] orbit energies shuffled (seed 12345) -- this arm measures machinery + value statistics, not closure.
# [mu TI] closure: 10161 spatial tets, 7 grid points x 3+2 passes
# [mu TI]   s=0.0000  <E_bar>_s = 5.8506
# [mu TI]   s=0.1667  <E_bar>_s = 4.2474
# [mu TI]   s=0.3333  <E_bar>_s = 3.3814
# [mu TI]   s=0.5000  <E_bar>_s = 2.8245
# [mu TI]   s=0.6667  <E_bar>_s = 2.3997
# [mu TI]   s=0.8333  <E_bar>_s = 2.1054
# [mu TI]   s=1.0000  <E_bar>_s = 1.9173
# [mu TI] mu(1.0) = 3.1404  (uniform 5.8506 -> equilibrated 1.9173; mu is the free energy, between)
[resume] N4=48008 N41=20322 (extra_state absent)
# [closure centering] mu = 3.1404 per cell (fixed; free-energy calibrated => volume-neutral, keep k4 at the bare value)
# v6 run [CLOSURE [beta=1.0, PLACEBO]]  target N41=20000  K=80  (k0=2.2, D=0.6, k4=0.9, eps=0.001)
 sweep      N4     N41    d_H   blob active cos3err  valid links slice   wall_s
    20   47272   19528   2.95   2.07     20   0.692     ok     -    ok      200
# [audit ok] sweep 25: S=25020.2809 matches recompute (drift 3.5e-10)
    40   47126   19604   2.85   1.98     22   0.920     ok     -    ok      392
# [audit ok] sweep 50: S=24689.6694 matches recompute (drift 4.0e-10)
    60   47116   19660   2.92   2.03     21   0.918     ok     -    ok      579
# [audit ok] sweep 75: S=24726.9319 matches recompute (drift 4.3e-10)
    80   47146   19582   2.90   2.03     23   0.679     ok     -    ok      766
# [audit ok] sweep 100: S=24726.2652 matches recompute (drift 3.5e-10)
   100   46940   19602   2.99   2.16     19   0.685     ok     -    ok      953
   120   46966   19596   2.94   2.08     23   0.675     ok     -    ok     1140
# [audit ok] sweep 125: S=24762.4916 matches recompute (drift 3.5e-10)
   140   47092   19650   2.91   2.13     20   0.675     ok     -    ok     1329
# [audit ok] sweep 150: S=24699.4469 matches recompute (drift 4.7e-10)
   160   47100   19632   2.84   1.98     23   0.688     ok     -    ok     1518
# [audit ok] sweep 175: S=24980.3192 matches recompute (drift 4.0e-10)
   180   46762   19654   2.87   2.02     21   0.685     ok     -    ok     1705
# [audit ok] sweep 200: S=24699.1691 matches recompute (drift 3.9e-10)
   200   46818   19556   2.93   2.04     21   0.681     ok    ok    ok     1981
   220   46680   19614   2.90   2.01     23   0.680     ok     -    ok     2225
# [audit ok] sweep 225: S=24641.0047 matches recompute (drift 3.8e-10)
   240   46562   19572   2.90   2.11     21   0.679     ok     -    ok     2443
# [audit ok] sweep 250: S=24825.8298 matches recompute (drift 3.5e-10)
   260   46588   19656   2.93   2.13     21   0.678     ok     -    ok     2626
# [audit ok] sweep 275: S=24856.0754 matches recompute (drift 3.5e-10)
   280   46584   19632   2.89   1.95     22   0.766     ok     -    ok     2817
# [audit ok] sweep 300: S=24255.0200 matches recompute (drift 4.6e-10)
   300   46392   19678   2.92   2.03     17   0.682     ok     -    ok     3059
   320   46240   19632   2.87   1.96     21   0.771     ok     -    ok     3290
# [audit ok] sweep 325: S=24629.3433 matches recompute (drift 4.1e-10)
   340   46026   19600   2.84   2.06     23   0.683     ok     -    ok     3525
# [audit ok] sweep 350: S=24321.7308 matches recompute (drift 3.4e-10)
   360   46338   19658   2.98   2.05     22   0.757     ok     -    ok     3742
# [audit ok] sweep 375: S=24568.0756 matches recompute (drift 4.1e-10)
   380   46192   19656   2.95   2.07     21   0.690     ok     -    ok     3937
# [audit ok] sweep 400: S=24534.6311 matches recompute (drift 3.5e-10)
   400   46024   19604   2.89   2.15     17   0.774     ok    ok    ok     4199
   420   46272   19660   2.94   2.01     22   0.777     ok     -    ok     4356
# [audit ok] sweep 425: S=24687.1912 matches recompute (drift 3.3e-10)
   440   46366   19632   2.89   2.14     16   0.677     ok     -    ok     4506
# [audit ok] sweep 450: S=24978.0610 matches recompute (drift 3.9e-10)
   460   46526   19600   2.95   2.10     23   0.778     ok     -    ok     4655
# [audit ok] sweep 475: S=25071.9819 matches recompute (drift 3.4e-10)
   480   46408   19630   2.91   2.10     24   0.685     ok     -    ok     4805
# [audit ok] sweep 500: S=25221.2498 matches recompute (drift 3.8e-10)
   500   46432   19596   2.86   1.91     26   0.651     ok     -    ok     4955
   520   46400   19612   2.82   1.94     26   0.656     ok     -    ok     5103
# [audit ok] sweep 525: S=24677.8693 matches recompute (drift 3.6e-10)
   540   46628   19650   2.92   1.96     25   0.678     ok     -    ok     5252
# [audit ok] sweep 550: S=25121.8669 matches recompute (drift 3.9e-10)
   560   46280   19646   2.93   2.16     20   0.681     ok     -    ok     5401
# [audit ok] sweep 575: S=24568.0218 matches recompute (drift 4.1e-10)
   580   46306   19606   2.89   2.06     26   0.674     ok     -    ok     5550
# [audit ok] sweep 600: S=24744.8188 matches recompute (drift 3.7e-10)
   600   46284   19630   2.90   2.12     26   0.675     ok    ok    ok     5762
   620   46040   19652   2.81   2.12     25   0.691     ok     -    ok     5910
# [audit ok] sweep 625: S=24321.5814 matches recompute (drift 3.9e-10)
   640   46082   19708   2.88   2.01     28   0.650     ok     -    ok     6055
# [audit ok] sweep 650: S=24749.3014 matches recompute (drift 3.5e-10)
   660   46038   19590   2.91   1.94     26   0.642     ok     -    ok     6203
# [audit ok] sweep 675: S=24576.4418 matches recompute (drift 3.6e-10)
   680   46158   19612   2.85   2.01     27   0.675     ok     -    ok     6349
# [audit ok] sweep 700: S=24849.2921 matches recompute (drift 3.9e-10)
   700   46066   19582   2.93   2.07     22   0.685     ok     -    ok     6497
   720   46028   19604   2.89   2.06     23   0.680     ok     -    ok     6644
# [audit ok] sweep 725: S=24567.6178 matches recompute (drift 3.3e-10)
   740   46110   19648   2.86   1.99     23   0.774     ok     -    ok     6791
# [audit ok] sweep 750: S=24685.8783 matches recompute (drift 3.6e-10)
   760   46230   19680   2.90   1.92     27   0.653     ok     -    ok     6937
# [audit ok] sweep 775: S=24388.7115 matches recompute (drift 3.8e-10)
   780   46220   19632   2.92   1.98     24   0.780     ok     -    ok     7084
# [audit ok] sweep 800: S=24829.6811 matches recompute (drift 4.1e-10)
   800   46204   19668   2.87   1.98     21   0.654     ok    ok    ok     7289
   820   46092   19552   2.91   2.04     22   0.664     ok     -    ok     7436
# [audit ok] sweep 825: S=25175.3217 matches recompute (drift 3.9e-10)
   840   46244   19606   2.94   2.04     23   0.781     ok     -    ok     7583
# [audit ok] sweep 850: S=24990.9605 matches recompute (drift 3.9e-10)
   860   46102   19536   2.96   2.20     23   0.654     ok     -    ok     7730
# [audit ok] sweep 875: S=25081.5502 matches recompute (drift 3.9e-10)
   880   46254   19636   2.92   2.16     24   0.653     ok     -    ok     7876
# [audit ok] sweep 900: S=24909.1128 matches recompute (drift 3.3e-10)
   900   46254   19596   2.90   2.02     24   0.651     ok     -    ok     8014
   920   46280   19672   2.89   2.03     25   0.779     ok     -    ok     8152
# [audit ok] sweep 925: S=24743.8016 matches recompute (drift 3.9e-10)
   940   46232   19660   2.94   2.04     23   0.651     ok     -    ok     8290
# [audit ok] sweep 950: S=24612.8737 matches recompute (drift 4.3e-10)
   960   46120   19618   2.96   1.97     25   0.648     ok     -    ok     8428
# [audit ok] sweep 975: S=24860.9492 matches recompute (drift 3.6e-10)
   980   46248   19664   2.84   2.03     25   0.653     ok     -    ok     8567
# [audit ok] sweep 1000: S=24943.8470 matches recompute (drift 3.7e-10)
  1000   46252   19670   2.96   2.07     22   0.791     ok    ok    ok     8759
  1020   46156   19672   2.87   2.04     25   0.664     ok     -    ok     8899
# [audit ok] sweep 1025: S=24787.0309 matches recompute (drift 3.4e-10)
  1040   46324   19632   2.97   2.05     25   0.790     ok     -    ok     9037
# [audit ok] sweep 1050: S=24841.1237 matches recompute (drift 4.0e-10)
  1060   46468   19678   2.95   1.98     23   0.658     ok     -    ok     9175
# [audit ok] sweep 1075: S=24549.1653 matches recompute (drift 4.4e-10)
  1080   46370   19610   2.92   2.09     23   0.659     ok     -    ok     9312
# [audit ok] sweep 1100: S=25144.7075 matches recompute (drift 4.0e-10)
  1100   46312   19550   2.91   1.98     25   0.658     ok     -    ok     9449
  1120   46170   19612   2.86   1.99     29   0.663     ok     -    ok     9586
# [audit ok] sweep 1125: S=24911.4903 matches recompute (drift 3.8e-10)
  1140   46134   19608   2.86   1.97     30   0.688     ok     -    ok     9723
# [audit ok] sweep 1150: S=25004.9092 matches recompute (drift 3.4e-10)
  1160   46122   19588   2.90   1.95     30   0.665     ok     -    ok     9862
# [audit ok] sweep 1175: S=25346.5803 matches recompute (drift 4.0e-10)
  1180   46298   19574   2.94   2.03     30   0.664     ok     -    ok     9999
# [audit ok] sweep 1200: S=24986.8016 matches recompute (drift 3.6e-10)
  1200   46288   19594   2.88   2.13     27   0.663     ok    ok    ok    10191
  1220   46260   19654   2.89   2.12     26   0.667     ok     -    ok    10329
# [audit ok] sweep 1225: S=25323.0079 matches recompute (drift 3.8e-10)
  1240   46184   19636   2.87   2.00     25   0.695     ok     -    ok    10470
# [audit ok] sweep 1250: S=24723.5475 matches recompute (drift 4.2e-10)
  1260   46220   19652   2.90   2.15     26   0.671     ok     -    ok    10608
# [audit ok] sweep 1275: S=25047.8863 matches recompute (drift 4.0e-10)
  1280   46412   19664   2.86   2.12     26   0.665     ok     -    ok    10746
# [audit ok] sweep 1300: S=25217.1536 matches recompute (drift 3.4e-10)
  1300   46180   19598   2.93   1.96     28   0.666     ok     -    ok    10885
  1320   46184   19654   2.92   2.00     26   0.924     ok     -    ok    11023
# [audit ok] sweep 1325: S=24703.2836 matches recompute (drift 3.7e-10)
  1340   46088   19682   2.91   1.94     26   0.926     ok     -    ok    11161
# [audit ok] sweep 1350: S=25021.8563 matches recompute (drift 3.6e-10)
  1360   46168   19596   2.88   1.92     29   0.765     ok     -    ok    11298
# [audit ok] sweep 1375: S=25160.6834 matches recompute (drift 3.7e-10)
  1380   46536   19724   2.96   2.04     24   0.760     ok     -    ok    11436
# [audit ok] sweep 1400: S=24920.8060 matches recompute (drift 4.3e-10)
  1400   46338   19606   2.96   2.20     19   0.764     ok    ok    ok    11628
  1420   46134   19672   2.86   2.12     24   0.761     ok     -    ok    11767
# [audit ok] sweep 1425: S=25241.7787 matches recompute (drift 3.8e-10)
  1440   46150   19588   2.88   2.25     21   0.750     ok     -    ok    11905
# [audit ok] sweep 1450: S=25318.2082 matches recompute (drift 3.5e-10)
  1460   45988   19522   2.91   2.26     21   0.749     ok     -    ok    12043
# [audit ok] sweep 1475: S=25298.6515 matches recompute (drift 3.9e-10)
  1480   46532   19694   2.90   2.06     24   0.761     ok     -    ok    12181
# [audit ok] sweep 1500: S=25355.9434 matches recompute (drift 3.1e-10)
  1500   46456   19620   2.88   2.10     23   0.768     ok     -    ok    12320
  1520   46602   19674   2.85   1.97     25   0.765     ok     -    ok    12457
# [audit ok] sweep 1525: S=25511.0816 matches recompute (drift 3.5e-10)
  1540   46568   19662   2.94   2.01     24   0.923     ok     -    ok    12596
# [audit ok] sweep 1550: S=25472.1548 matches recompute (drift 3.9e-10)
  1560   46508   19582   2.93   1.98     24   0.688     ok     -    ok    12734
# [audit ok] sweep 1575: S=25645.2397 matches recompute (drift 3.3e-10)
  1580   46464   19650   2.94   2.12     23   0.685     ok     -    ok    12872
# [audit ok] sweep 1600: S=25039.5541 matches recompute (drift 4.0e-10)
  1600   46416   19666   2.89   1.89     26   0.686     ok    ok    ok    13061
  1620   46212   19572   2.95   2.09     24   0.691     ok     -    ok    13199
# [audit ok] sweep 1625: S=25205.8144 matches recompute (drift 3.9e-10)
  1640   46156   19608   2.96   1.94     24   0.686     ok     -    ok    13337
# [audit ok] sweep 1650: S=25273.9277 matches recompute (drift 3.4e-10)
  1660   46434   19634   2.91   2.04     26   0.690     ok     -    ok    13476
# [audit ok] sweep 1675: S=25424.5503 matches recompute (drift 3.4e-10)
  1680   46536   19674   2.86   1.97     26   0.686     ok     -    ok    13614
# [audit ok] sweep 1700: S=25209.8827 matches recompute (drift 3.3e-10)
  1700   46364   19624   2.91   2.14     25   0.691     ok     -    ok    13752
  1720   46438   19616   2.87   2.13     26   0.697     ok     -    ok    13890
# [audit ok] sweep 1725: S=25590.3640 matches recompute (drift 3.5e-10)
  1740   46320   19608   2.92   2.04     26   0.669     ok     -    ok    14026
# [audit ok] sweep 1750: S=25495.0653 matches recompute (drift 3.9e-10)
  1760   46308   19640   2.92   2.04     25   0.693     ok     -    ok    14164
# [audit ok] sweep 1775: S=25047.5426 matches recompute (drift 3.9e-10)
  1780   46254   19616   2.90   2.03     26   0.793     ok     -    ok    14302
# [audit ok] sweep 1800: S=25094.9865 matches recompute (drift 4.0e-10)
  1800   46456   19670   2.93   2.02     26   0.664     ok    ok    ok    14492
  1820   46320   19696   2.94   2.06     26   0.681     ok     -    ok    14630
# [audit ok] sweep 1825: S=25300.1508 matches recompute (drift 4.7e-10)
  1840   46464   19700   2.96   2.03     26   0.684     ok     -    ok    14768
# [audit ok] sweep 1850: S=24988.7811 matches recompute (drift 4.1e-10)
  1860   46542   19606   2.95   2.10     24   0.684     ok     -    ok    14906
# [audit ok] sweep 1875: S=25615.8531 matches recompute (drift 3.9e-10)
  1880   46614   19598   2.80   2.21     23   0.685     ok     -    ok    15045
# [audit ok] sweep 1900: S=25457.5548 matches recompute (drift 4.0e-10)
  1900   46586   19630   2.88   2.26     22   0.693     ok     -    ok    15185
  1920   46468   19630   2.91   2.22     23   0.694     ok     -    ok    15323
# [audit ok] sweep 1925: S=25688.3776 matches recompute (drift 3.4e-10)
  1940   46534   19636   2.87   2.05     27   0.769     ok     -    ok    15462
# [audit ok] sweep 1950: S=25481.5306 matches recompute (drift 3.8e-10)
  1960   46738   19678   2.96   2.23     24   0.788     ok     -    ok    15600
# [audit ok] sweep 1975: S=25519.2879 matches recompute (drift 3.9e-10)
  1980   46542   19576   2.98   2.09     24   0.683     ok     -    ok    15738
# [audit ok] sweep 2000: S=25753.3046 matches recompute (drift 3.8e-10)
  2000   46500   19560   2.93   2.17     23   0.683     ok    ok    ok    15929
  2020   46448   19592   2.97   2.15     23   0.663     ok     -    ok    16067
# [audit ok] sweep 2025: S=25599.6621 matches recompute (drift 3.9e-10)
  2040   46258   19632   2.91   2.08     24   0.684     ok     -    ok    16206
# [audit ok] sweep 2050: S=25392.7892 matches recompute (drift 4.1e-10)
  2060   46196   19618   2.97   2.22     25   0.691     ok     -    ok    16346
# [audit ok] sweep 2075: S=25087.4666 matches recompute (drift 3.6e-10)
  2080   46186   19608   2.84   2.17     25   0.691     ok     -    ok    16483
# [audit ok] sweep 2100: S=25065.9097 matches recompute (drift 4.1e-10)
  2100   46090   19604   2.91   2.20     24   0.686     ok     -    ok    16619
  2120   46370   19686   2.92   2.13     24   0.691     ok     -    ok    16755
# [audit ok] sweep 2125: S=25630.2684 matches recompute (drift 3.1e-10)
  2140   46402   19692   2.93   2.11     23   0.689     ok     -    ok    16891
# [audit ok] sweep 2150: S=25403.7520 matches recompute (drift 3.8e-10)
  2160   46110   19596   2.90   1.99     26   0.687     ok     -    ok    17026
# [audit ok] sweep 2175: S=25231.8176 matches recompute (drift 3.5e-10)
  2180   46190   19620   2.92   2.14     25   0.680     ok     -    ok    17162
# [audit ok] sweep 2200: S=25446.5288 matches recompute (drift 3.3e-10)
  2200   46314   19618   2.89   2.22     24   0.773     ok    ok    ok    17350
  2220   46114   19622   2.98   2.32     24   0.667     ok     -    ok    17486
# [audit ok] sweep 2225: S=25399.0495 matches recompute (drift 3.3e-10)
  2240   46158   19668   2.86   2.20     22   0.668     ok     -    ok    17623
# [audit ok] sweep 2250: S=25040.7239 matches recompute (drift 3.4e-10)
  2260   46094   19630   2.90   2.18     21   0.683     ok     -    ok    17759
# [audit ok] sweep 2275: S=25243.1198 matches recompute (drift 4.0e-10)
  2280   46210   19672   2.92   2.27     21   0.774     ok     -    ok    17895
# [audit ok] sweep 2300: S=25424.0250 matches recompute (drift 3.6e-10)
  2300   46212   19640   2.93   2.33     20   0.783     ok     -    ok    18031
  2320   46228   19670   2.84   2.15     22   0.695     ok     -    ok    18167
# [audit ok] sweep 2325: S=25418.4248 matches recompute (drift 3.3e-10)
  2340   46288   19618   2.95   2.39     20   0.685     ok     -    ok    18303
# [audit ok] sweep 2350: S=25184.9487 matches recompute (drift 3.9e-10)
  2360   46374   19680   2.97   2.20     22   0.661     ok     -    ok    18439
# [audit ok] sweep 2375: S=25226.3808 matches recompute (drift 3.9e-10)
  2380   46494   19616   2.94   2.11     23   0.680     ok     -    ok    18575
# [audit ok] sweep 2400: S=25634.3802 matches recompute (drift 3.0e-10)
  2400   46412   19624   2.87   2.13     24   0.663     ok    ok    ok    18762
  2420   46268   19628   2.88   2.15     20   0.680     ok     -    ok    18911
# [audit ok] sweep 2425: S=25451.3141 matches recompute (drift 3.4e-10)
  2440   46200   19676   2.98   2.14     25   0.688     ok     -    ok    19046
# [audit ok] sweep 2450: S=25269.9510 matches recompute (drift 3.5e-10)
  2460   46216   19650   2.90   2.05     23   0.698     ok     -    ok    19183
# [audit ok] sweep 2475: S=25543.9343 matches recompute (drift 3.9e-10)
  2480   46178   19630   2.88   2.11     23   0.675     ok     -    ok    19320
# [audit ok] sweep 2500: S=25553.3736 matches recompute (drift 3.7e-10)
  2500   46170   19602   2.92   2.11     22   0.679     ok     -    ok    19455
  2520   46514   19668   2.84   2.10     24   0.685     ok     -    ok    19591
# [audit ok] sweep 2525: S=26153.9146 matches recompute (drift 3.7e-10)
  2540   46206   19600   2.96   2.07     25   0.663     ok     -    ok    19727
# [audit ok] sweep 2550: S=25700.5659 matches recompute (drift 3.1e-10)
  2560   46060   19658   2.87   2.17     23   0.665     ok     -    ok    19863
# [audit ok] sweep 2575: S=25088.8900 matches recompute (drift 3.7e-10)
  2580   46056   19666   2.98   2.13     22   0.672     ok     -    ok    19998
# [audit ok] sweep 2600: S=25310.0174 matches recompute (drift 3.4e-10)
  2600   45912   19612   2.96   2.25     23   0.657     ok    ok    ok    20183
  2620   45884   19608   2.91   2.14     23   0.652     ok     -    ok    20317
# [audit ok] sweep 2625: S=25377.0591 matches recompute (drift 4.1e-10)
  2640   45666   19558   2.90   2.14     23   0.655     ok     -    ok    20453
# [audit ok] sweep 2650: S=25113.8378 matches recompute (drift 3.6e-10)
  2660   45834   19592   2.98   2.07     25   0.676     ok     -    ok    20588
# [audit ok] sweep 2675: S=25237.4011 matches recompute (drift 4.2e-10)
  2680   45770   19632   2.94   2.00     26   0.674     ok     -    ok    20724
# [audit ok] sweep 2700: S=25480.3903 matches recompute (drift 2.8e-10)
  2700   45898   19628   2.98   2.04     21   0.650     ok     -    ok    20859
  2720   46078   19678   2.95   2.11     22   0.652     ok     -    ok    20995
# [audit ok] sweep 2725: S=25790.0339 matches recompute (drift 3.7e-10)
  2740   45990   19592   2.89   2.03     24   0.669     ok     -    ok    21131
# [audit ok] sweep 2750: S=25544.2829 matches recompute (drift 3.8e-10)
  2760   45878   19652   2.98   1.97     30   0.754     ok     -    ok    21267
# [audit ok] sweep 2775: S=25349.1420 matches recompute (drift 3.6e-10)
  2780   45896   19688   2.86   2.07     26   0.907     ok     -    ok    21402
# [audit ok] sweep 2800: S=25456.4571 matches recompute (drift 3.9e-10)
  2800   46032   19632   2.94   2.00     23   0.897     ok    ok    ok    21588
  2820   46064   19636   2.84   2.14     24   0.663     ok     -    ok    21723
# [audit ok] sweep 2825: S=25531.5000 matches recompute (drift 3.3e-10)
  2840   45844   19646   2.92   2.26     23   0.663     ok     -    ok    21859
# [audit ok] sweep 2850: S=25664.5517 matches recompute (drift 3.9e-10)
  2860   46010   19656   2.88   2.21     22   0.661     ok     -    ok    21996
# [audit ok] sweep 2875: S=25472.1606 matches recompute (drift 3.7e-10)
  2880   46074   19656   2.90   2.40     22   0.661     ok     -    ok    22133
# [audit ok] sweep 2900: S=25630.8093 matches recompute (drift 3.7e-10)
  2900   45922   19530   2.89   2.28     21   0.664     ok     -    ok    22269
  2920   46162   19660   2.92   2.26     21   0.652     ok     -    ok    22404
# [audit ok] sweep 2925: S=25391.2828 matches recompute (drift 3.6e-10)
  2940   46266   19642   2.94   2.23     21   0.659     ok     -    ok    22540
# [audit ok] sweep 2950: S=25714.3735 matches recompute (drift 3.7e-10)
  2960   46466   19624   2.99   2.16     22   0.646     ok     -    ok    22676
# [audit ok] sweep 2975: S=26191.3066 matches recompute (drift 3.5e-10)
  2980   46642   19656   2.94   2.14     23   0.652     ok     -    ok    22812
# [audit ok] sweep 3000: S=26091.2329 matches recompute (drift 3.5e-10)
  3000   46414   19632   2.86   2.03     21   0.650     ok    ok    ok    22998
  3020   46642   19582   2.91   2.08     20   0.652     ok     -    ok    23135
# [audit ok] sweep 3025: S=26066.1031 matches recompute (drift 3.9e-10)
  3040   46480   19650   2.88   1.95     25   0.652     ok     -    ok    23271
# [audit ok] sweep 3050: S=25996.4982 matches recompute (drift 3.9e-10)
  3060   46578   19624   2.96   1.89     24   0.650     ok     -    ok    23408
# [audit ok] sweep 3075: S=26187.7063 matches recompute (drift 3.9e-10)
  3080   46652   19704   2.98   1.97     22   0.661     ok     -    ok    23546
# [audit ok] sweep 3100: S=25904.2143 matches recompute (drift 3.6e-10)
  3100   46560   19662   2.94   2.03     24   0.662     ok     -    ok    23682
  3120   46582   19640   2.87   2.10     23   0.660     ok     -    ok    23819
# [audit ok] sweep 3125: S=25604.8123 matches recompute (drift 4.2e-10)
  3140   46856   19730   2.93   2.10     22   0.668     ok     -    ok    23955
# [audit ok] sweep 3150: S=25911.0878 matches recompute (drift 3.3e-10)
  3160   46758   19672   2.85   2.05     21   0.674     ok     -    ok    24091
# [audit ok] sweep 3175: S=26177.7204 matches recompute (drift 4.2e-10)
  3180   46814   19684   2.92   2.06     23   0.673     ok     -    ok    24228
# [audit ok] sweep 3200: S=26431.9486 matches recompute (drift 3.6e-10)
  3200   46766   19596   2.92   2.32     19   0.676     ok    ok    ok    24415
  3220   46872   19608   2.91   2.11     25   0.677     ok     -    ok    24552
# [audit ok] sweep 3225: S=26454.2003 matches recompute (drift 3.7e-10)
  3240   46960   19720   2.96   2.25     22   0.669     ok     -    ok    24689
# [audit ok] sweep 3250: S=26525.1363 matches recompute (drift 3.9e-10)
  3260   46956   19626   2.92   2.24     20   0.665     ok     -    ok    24832
# [audit ok] sweep 3275: S=26056.1898 matches recompute (drift 4.1e-10)
  3280   47006   19670   2.99   2.24     22   0.666     ok     -    ok    24969
# [audit ok] sweep 3300: S=26326.4628 matches recompute (drift 4.0e-10)
  3300   47088   19652   2.89   2.36     18   0.675     ok     -    ok    25106
  3320   46848   19586   2.93   2.21     21   0.671     ok     -    ok    25243
# [audit ok] sweep 3325: S=26188.4026 matches recompute (drift 3.3e-10)
  3340   46708   19690   2.92   2.13     21   0.660     ok     -    ok    25379
# [audit ok] sweep 3350: S=25718.3675 matches recompute (drift 4.0e-10)
  3360   46942   19622   2.96   2.05     22   0.671     ok     -    ok    25515
# [audit ok] sweep 3375: S=26143.8242 matches recompute (drift 3.6e-10)
  3380   46938   19708   2.99   2.09     22   0.668     ok     -    ok    25653
# [audit ok] sweep 3400: S=26737.3444 matches recompute (drift 4.0e-10)
  3400   46992   19720   2.94   2.06     25   0.665     ok    ok    ok    25841
  3420   46764   19678   2.94   2.24     24   0.676     ok     -    ok    25978
# [audit ok] sweep 3425: S=26150.3723 matches recompute (drift 3.1e-10)
  3440   46534   19678   2.91   2.07     23   0.676     ok     -    ok    26116
# [audit ok] sweep 3450: S=25748.0032 matches recompute (drift 3.6e-10)
  3460   46552   19636   2.84   2.03     24   0.669     ok     -    ok    26252
# [audit ok] sweep 3475: S=25934.2978 matches recompute (drift 3.6e-10)
  3480   46672   19690   2.88   1.97     24   0.658     ok     -    ok    26389
# [audit ok] sweep 3500: S=25785.5476 matches recompute (drift 3.6e-10)
  3500   46788   19696   2.99   2.05     19   0.868     ok     -    ok    26527
  3520   46730   19592   2.89   2.00     23   0.678     ok     -    ok    26664
# [audit ok] sweep 3525: S=26395.1392 matches recompute (drift 3.6e-10)
  3540   46726   19600   2.89   2.07     19   0.862     ok     -    ok    26801
# [audit ok] sweep 3550: S=26365.0726 matches recompute (drift 3.5e-10)
  3560   46836   19612   2.88   2.04     19   0.674     ok     -    ok    26938
# [audit ok] sweep 3575: S=26384.2722 matches recompute (drift 3.6e-10)
  3580   46978   19626   2.88   2.15     19   0.676     ok     -    ok    27074
# [audit ok] sweep 3600: S=26124.2035 matches recompute (drift 4.1e-10)
  3600   46830   19654   2.87   1.96     22   0.663     ok    ok    ok    27260
  3620   46908   19648   2.88   2.04     22   0.676     ok     -    ok    27398
# [audit ok] sweep 3625: S=25943.8609 matches recompute (drift 3.4e-10)
  3640   46928   19666   2.92   2.03     19   0.658     ok     -    ok    27534
# [audit ok] sweep 3650: S=25674.7433 matches recompute (drift 3.9e-10)
  3660   46802   19610   3.04   2.02     23   0.664     ok     -    ok    27671
# [audit ok] sweep 3675: S=26065.7074 matches recompute (drift 4.0e-10)
  3680   46938   19678   2.93   2.11     19   0.666     ok     -    ok    27808
# [audit ok] sweep 3700: S=26176.9734 matches recompute (drift 3.1e-10)
  3700   46972   19624   3.01   2.05     24   0.803     ok     -    ok    27945
  3720   46998   19692   2.92   2.33     19   0.861     ok     -    ok    28082
# [audit ok] sweep 3725: S=25772.4174 matches recompute (drift 3.9e-10)
  3740   46676   19666   2.92   2.00     25   0.675     ok     -    ok    28219
# [audit ok] sweep 3750: S=25914.8054 matches recompute (drift 3.7e-10)
  3760   46706   19638   2.88   2.05     24   0.674     ok     -    ok    28355
# [audit ok] sweep 3775: S=26153.3294 matches recompute (drift 3.5e-10)
  3780   46696   19666   2.89   1.99     23   0.678     ok     -    ok    28492
# [audit ok] sweep 3800: S=25858.4751 matches recompute (drift 3.3e-10)
  3800   46598   19618   2.90   2.08     24   0.648     ok    ok    ok    28677
  3820   46468   19602   2.92   1.99     24   0.644     ok     -    ok    28812
# [audit ok] sweep 3825: S=25831.3994 matches recompute (drift 4.2e-10)
  3840   46642   19684   2.94   2.06     24   0.661     ok     -    ok    28949
# [audit ok] sweep 3850: S=25781.9419 matches recompute (drift 3.8e-10)
  3860   46562   19642   2.84   2.09     24   0.646     ok     -    ok    29084
# [audit ok] sweep 3875: S=25959.3062 matches recompute (drift 3.7e-10)
  3880   46530   19654   2.93   2.17     23   0.648     ok     -    ok    29220
# [audit ok] sweep 3900: S=25914.1145 matches recompute (drift 3.6e-10)
  3900   46568   19634   2.80   2.24     24   0.654     ok     -    ok    29357
  3920   46614   19644   2.97   2.10     24   0.651     ok     -    ok    29494
# [audit ok] sweep 3925: S=25992.1511 matches recompute (drift 3.6e-10)
  3940   46544   19662   2.85   1.99     28   0.671     ok     -    ok    29630
# [audit ok] sweep 3950: S=26183.8239 matches recompute (drift 3.7e-10)
  3960   46698   19660   2.98   1.96     28   0.671     ok     -    ok    29766
# [audit ok] sweep 3975: S=25909.4989 matches recompute (drift 3.7e-10)
  3980   46818   19704   2.91   2.14     22   0.686     ok     -    ok    29902
# [audit ok] sweep 4000: S=26016.4790 matches recompute (drift 4.5e-10)
  4000   46648   19632   2.96   2.14     20   0.682     ok    ok    ok    30087
  4020   46586   19678   2.90   2.03     23   0.680     ok     -    ok    30224
# [audit ok] sweep 4025: S=25872.5239 matches recompute (drift 3.8e-10)
  4040   46576   19662   2.92   1.96     25   0.675     ok     -    ok    30359
# [audit ok] sweep 4050: S=25779.5617 matches recompute (drift 4.5e-10)
  4060   46440   19656   3.01   2.01     25   0.660     ok     -    ok    30495
# [audit ok] sweep 4075: S=25674.4232 matches recompute (drift 3.8e-10)
  4080   46360   19580   2.96   1.95     25   0.672     ok     -    ok    30631
# [audit ok] sweep 4100: S=25961.0989 matches recompute (drift 3.8e-10)
  4100   46472   19612   2.94   2.01     26   0.935     ok     -    ok    30767
  4120   46618   19704   2.92   1.95     26   0.667     ok     -    ok    30903
# [audit ok] sweep 4125: S=26066.0352 matches recompute (drift 3.6e-10)
  4140   46722   19604   2.89   1.89     26   0.678     ok     -    ok    31040
# [audit ok] sweep 4150: S=25749.2161 matches recompute (drift 4.5e-10)
  4160   46460   19612   2.89   1.93     21   0.933     ok     -    ok    31176
# [audit ok] sweep 4175: S=25666.4431 matches recompute (drift 3.3e-10)
  4180   46344   19650   2.95   1.93     25   0.656     ok     -    ok    31313
# [audit ok] sweep 4200: S=26134.3923 matches recompute (drift 3.7e-10)
  4200   46502   19666   2.99   1.88     26   0.655     ok    ok    ok    31498
  4220   46432   19660   2.82   1.98     29   0.676     ok     -    ok    31635
# [audit ok] sweep 4225: S=25868.1480 matches recompute (drift 3.5e-10)
  4240   46500   19704   2.96   2.01     29   0.676     ok     -    ok    31772
# [audit ok] sweep 4250: S=26127.4588 matches recompute (drift 3.3e-10)
  4260   46356   19592   3.03   2.07     25   0.935     ok     -    ok    31908
# [audit ok] sweep 4275: S=25793.2150 matches recompute (drift 3.8e-10)
  4280   46444   19658   2.99   1.97     27   0.676     ok     -    ok    32044
# [audit ok] sweep 4300: S=25840.8544 matches recompute (drift 3.8e-10)
  4300   46412   19690   2.88   2.17     26   0.677     ok     -    ok    32181
  4320   46480   19558   2.95   1.97     27   0.657     ok     -    ok    32317
# [audit ok] sweep 4325: S=26206.8360 matches recompute (drift 4.1e-10)
  4340   46570   19608   2.92   2.05     24   0.938     ok     -    ok    32458
# [audit ok] sweep 4350: S=26220.3298 matches recompute (drift 3.9e-10)
  4360   46706   19658   2.90   2.08     24   0.933     ok     -    ok    32593
# [audit ok] sweep 4375: S=25842.7495 matches recompute (drift 3.5e-10)
  4380   46424   19702   2.92   1.97     27   0.662     ok     -    ok    32729
# [audit ok] sweep 4400: S=25913.5195 matches recompute (drift 3.7e-10)
  4400   46432   19626   2.96   2.04     28   0.660     ok    ok    ok    32914
  4420   46652   19638   2.99   2.18     26   0.682     ok     -    ok    33049
# [audit ok] sweep 4425: S=26205.7169 matches recompute (drift 3.7e-10)
  4440   46774   19656   2.97   2.04     27   0.676     ok     -    ok    33186
# [audit ok] sweep 4450: S=26557.3812 matches recompute (drift 3.3e-10)
  4460   46652   19624   3.01   2.21     23   0.933     ok     -    ok    33321
# [audit ok] sweep 4475: S=25997.8913 matches recompute (drift 3.8e-10)
  4480   46518   19648   2.93   2.18     23   0.937     ok     -    ok    33458
# [audit ok] sweep 4500: S=25976.7658 matches recompute (drift 3.5e-10)
  4500   46490   19666   2.87   2.20     21   0.936     ok     -    ok    33593
  4520   46812   19656   2.94   2.14     21   0.940     ok     -    ok    33728
# [audit ok] sweep 4525: S=26003.2307 matches recompute (drift 3.2e-10)
  4540   46852   19664   2.99   2.07     22   0.934     ok     -    ok    33866
# [audit ok] sweep 4550: S=25956.0484 matches recompute (drift 3.9e-10)
  4560   46904   19634   2.89   2.13     24   0.877     ok     -    ok    34002
# [audit ok] sweep 4575: S=26118.2989 matches recompute (drift 3.8e-10)
  4580   46790   19646   2.96   2.21     22   0.932     ok     -    ok    34139
# [audit ok] sweep 4600: S=25973.0785 matches recompute (drift 4.0e-10)
  4600   46726   19600   2.89   2.08     25   0.883     ok    ok    ok    34327
  4620   46616   19634   2.96   2.05     24   0.933     ok     -    ok    34462
# [audit ok] sweep 4625: S=25754.0931 matches recompute (drift 3.7e-10)
  4640   47020   19652   2.94   2.04     24   0.761     ok     -    ok    34599
# [audit ok] sweep 4650: S=26259.1287 matches recompute (drift 4.0e-10)
  4660   47002   19704   2.95   2.02     27   0.671     ok     -    ok    34735
# [audit ok] sweep 4675: S=25845.0596 matches recompute (drift 4.0e-10)
  4680   46734   19614   2.93   2.15     23   0.661     ok     -    ok    34871
# [audit ok] sweep 4700: S=26032.3227 matches recompute (drift 4.1e-10)
  4700   46716   19640   2.94   2.12     23   0.669     ok     -    ok    35007
  4720   46590   19580   2.94   2.22     22   0.782     ok     -    ok    35143
# [audit ok] sweep 4725: S=26174.5710 matches recompute (drift 3.7e-10)
  4740   46536   19678   2.95   2.10     24   0.769     ok     -    ok    35279
# [audit ok] sweep 4750: S=25934.7782 matches recompute (drift 3.2e-10)
  4760   46214   19608   2.87   2.20     23   0.764     ok     -    ok    35416
# [audit ok] sweep 4775: S=25636.8788 matches recompute (drift 4.0e-10)
  4780   46244   19598   2.87   2.18     22   0.763     ok     -    ok    35551
# [audit ok] sweep 4800: S=25906.5677 matches recompute (drift 3.5e-10)
  4800   46354   19602   2.88   2.24     23   0.934     ok    ok    ok    35735
  4820   46172   19610   2.90   2.34     21   0.935     ok     -    ok    35871
# [audit ok] sweep 4825: S=25799.4336 matches recompute (drift 3.3e-10)
  4840   46100   19626   3.02   2.34     24   0.933     ok     -    ok    36007
# [audit ok] sweep 4850: S=25644.3174 matches recompute (drift 4.2e-10)
  4860   46306   19618   2.99   2.22     24   0.687     ok     -    ok    36142
# [audit ok] sweep 4875: S=26208.2157 matches recompute (drift 3.5e-10)
  4880   46306   19594   3.00   2.11     24   0.683     ok     -    ok    36277
# [audit ok] sweep 4900: S=25744.5932 matches recompute (drift 4.0e-10)
  4900   46066   19574   2.87   2.13     25   0.688     ok     -    ok    36413
  4920   45984   19578   2.92   2.06     27   0.938     ok     -    ok    36548
# [audit ok] sweep 4925: S=25976.1375 matches recompute (drift 3.9e-10)
  4940   46146   19680   2.98   2.15     23   0.764     ok     -    ok    36684
# [audit ok] sweep 4950: S=25696.7065 matches recompute (drift 3.9e-10)
  4960   46064   19680   2.93   2.13     26   0.777     ok     -    ok    36819
# [audit ok] sweep 4975: S=25619.6962 matches recompute (drift 3.7e-10)
  4980   46138   19690   2.89   2.13     23   0.873     ok     -    ok    36965
# [audit ok] sweep 5000: S=25998.2398 matches recompute (drift 3.7e-10)
  5000   46166   19636   2.97   2.18     24   0.884     ok    ok    ok    37226
  5020   45996   19620   2.94   2.04     27   0.647     ok     -    ok    37412
# [audit ok] sweep 5025: S=25533.9175 matches recompute (drift 4.1e-10)
  5040   46086   19668   3.01   2.04     25   0.880     ok     -    ok    37556
# [audit ok] sweep 5050: S=25589.6964 matches recompute (drift 3.5e-10)
  5060   46058   19610   2.90   2.18     24   0.873     ok     -    ok    37703
# [audit ok] sweep 5075: S=25852.0270 matches recompute (drift 3.9e-10)
  5080   46264   19622   2.91   2.15     23   0.876     ok     -    ok    37850
# [audit ok] sweep 5100: S=25731.1998 matches recompute (drift 4.7e-10)
  5100   46508   19766   2.86   2.15     25   0.875     ok     -    ok    37998
  5120   46354   19616   2.89   2.10     26   0.882     ok     -    ok    38146
# [audit ok] sweep 5125: S=25762.1847 matches recompute (drift 3.8e-10)
  5140   46304   19602   2.80   2.07     27   0.876     ok     -    ok    38293
# [audit ok] sweep 5150: S=26226.6064 matches recompute (drift 3.8e-10)
  5160   46504   19694   2.92   2.20     25   0.874     ok     -    ok    38440
# [audit ok] sweep 5175: S=25977.7663 matches recompute (drift 4.1e-10)
  5180   46376   19634   2.91   2.12     26   0.878     ok     -    ok    38588
# [audit ok] sweep 5200: S=25938.4238 matches recompute (drift 3.6e-10)
  5200   46364   19656   2.88   2.27     26   0.873     ok    ok    ok    38790
  5220   46472   19594   2.92   2.18     23   0.876     ok     -    ok    38936
# [audit ok] sweep 5225: S=25953.0239 matches recompute (drift 4.5e-10)
  5240   46318   19638   3.00   2.56     22   0.873     ok     -    ok    39085
# [audit ok] sweep 5250: S=25646.8334 matches recompute (drift 3.7e-10)
  5260   46364   19654   2.96   2.30     22   0.876     ok     -    ok    39233
# [audit ok] sweep 5275: S=26351.3497 matches recompute (drift 3.6e-10)
  5280   46336   19590   2.98   2.29     23   0.758     ok     -    ok    39380
# [audit ok] sweep 5300: S=26046.2532 matches recompute (drift 4.4e-10)
  5300   46332   19706   2.97   2.40     21   0.873     ok     -    ok    39527
  5320   46052   19612   2.97   2.26     22   0.885     ok     -    ok    39676
# [audit ok] sweep 5325: S=25649.4080 matches recompute (drift 4.0e-10)
  5340   46024   19662   2.84   2.25     25   0.882     ok     -    ok    39824
# [audit ok] sweep 5350: S=25673.9302 matches recompute (drift 4.0e-10)
  5360   46134   19640   2.94   2.35     22   0.877     ok     -    ok    39970
# [audit ok] sweep 5375: S=25578.3925 matches recompute (drift 3.5e-10)
  5380   46042   19682   2.99   2.35     22   0.892     ok     -    ok    40112
# [audit ok] sweep 5400: S=25745.2774 matches recompute (drift 4.2e-10)
  5400   45982   19600   2.91   2.29     24   0.884     ok    ok    ok    40308
  5420   46146   19674   2.92   2.14     30   0.687     ok     -    ok    40451
# [audit ok] sweep 5425: S=25897.4139 matches recompute (drift 3.8e-10)
  5440   46036   19648   2.91   2.31     27   0.687     ok     -    ok    40597
# [audit ok] sweep 5450: S=25951.1641 matches recompute (drift 3.8e-10)
  5460   46090   19564   2.95   2.31     26   0.683     ok     -    ok    40740
# [audit ok] sweep 5475: S=26241.6665 matches recompute (drift 3.6e-10)
  5480   46252   19600   2.84   2.21     27   0.684     ok     -    ok    40886
# [audit ok] sweep 5500: S=25859.7095 matches recompute (drift 3.7e-10)
  5500   46344   19724   2.91   2.44     22   0.867     ok     -    ok    41029
  5520   46214   19622   2.88   2.22     28   0.684     ok     -    ok    41166
# [audit ok] sweep 5525: S=26223.6002 matches recompute (drift 4.0e-10)
  5540   46150   19644   2.86   2.32     27   0.771     ok     -    ok    41301
# [audit ok] sweep 5550: S=25719.4974 matches recompute (drift 3.3e-10)
  5560   46292   19618   3.00   2.20     28   0.777     ok     -    ok    41438
# [audit ok] sweep 5575: S=26210.8842 matches recompute (drift 3.4e-10)
  5580   46346   19706   2.95   2.32     24   0.778     ok     -    ok    41574
# [audit ok] sweep 5600: S=26216.6586 matches recompute (drift 4.0e-10)
  5600   46332   19612   3.04   2.24     29   0.684     ok    ok    ok    41759
  5620   46430   19656   3.00   2.28     26   0.777     ok     -    ok    41895
# [audit ok] sweep 5625: S=25731.3419 matches recompute (drift 3.0e-10)
  5640   46278   19622   2.97   2.39     23   0.674     ok     -    ok    42031
# [audit ok] sweep 5650: S=25665.2671 matches recompute (drift 3.6e-10)
  5660   46352   19616   2.92   2.32     24   0.782     ok     -    ok    42166
# [audit ok] sweep 5675: S=26215.9604 matches recompute (drift 3.1e-10)
  5680   46634   19660   2.88   2.30     24   0.672     ok     -    ok    42302
# [audit ok] sweep 5700: S=26369.0441 matches recompute (drift 3.6e-10)
  5700   46540   19630   2.97   2.33     23   0.679     ok     -    ok    42438
  5720   46812   19690   2.93   2.33     21   0.885     ok     -    ok    42592
# [audit ok] sweep 5725: S=26170.0004 matches recompute (drift 3.9e-10)
  5740   46594   19622   2.90   2.28     27   0.671     ok     -    ok    42764
# [audit ok] sweep 5750: S=26082.0155 matches recompute (drift 4.1e-10)
  5760   46546   19632   2.96   2.33     23   0.686     ok     -    ok    42956
# [audit ok] sweep 5775: S=26023.9211 matches recompute (drift 3.6e-10)
  5780   46442   19608   2.94   2.42     25   0.666     ok     -    ok    43144
!! WITH-THEORY (ADMISSIBILITY-CLOSURE) run -- the paper's own cell weighting, not a spin-foam amplitude.
   beta=1.0  eta=0.0298668  lambda_inj=3.0  placebo=True
   [fidelity] injective ensemble at this eta: <K^2>=50.223 (closure relation 3/(2 eta)=50.223)  entropy=7.4198 (paper: 7.4198 at eta*)
# [placebo] orbit energies shuffled (seed 12345) -- this arm measures machinery + value statistics, not closure.
# [closure centering] reusing mu = 3.1404 from the resume checkpoint
[resume] N4=46442 N41=19608 (extra_state restored)
# [closure centering] mu = 3.1404 per cell (fixed; free-energy calibrated => volume-neutral, keep k4 at the bare value)
# v6 run [CLOSURE [beta=1.0, PLACEBO]]  target N41=20000  K=80  (k0=2.2, D=0.6, k4=0.9, eps=0.001)
 sweep      N4     N41    d_H   blob active cos3err  valid links slice   wall_s
# FINAL verify: ok=True  gluing_ok=True  links=0  simplicial=True  chi=0  n_tets=116015 (expect 116015)  connected=True
# FINAL foliation: slice-triangle incidence {2: 19668} (all-2 = closed 3-manifold slices)  same-side tets=0  => CLEAN (standard CDT ensemble)

================================================================
  WITH-THEORY (CLOSURE) RESULT -- compare to bare + placebo arms
================================================================
  beta=1.0  eta=0.0298668  lambda_inj=3.0  placebo=True  mu=3.1403728211851942
  manifold check: PASS  [links=0]   foliation: CLEAN
  final N4=46406  N41=19668
  d_H = 2.98   rails: 2t=1.92 3t=2.74 4t=3.35
  blob score = 2.38   active slices = 24/80   max slice = 584
  cos^3 fit: width=55.3  rel.RMS err=0.664
  closure term: <E>/tet=1.9534  std=1.0862  tets with label collision: 0.730  (n_tets=9834)
  (read against the beta=0 control and the --placebo arm at the same beta; only a real-vs-placebo difference is closure physics.)
