# v6 run [bare-Regge (verification)]  target N41=10000  K=40  (k0=2.2, D=0.6, k4=0.9, eps=0.0001)
 sweep      N4     N41    d_H   blob active cos3err  valid links slice   wall_s
    50   10182    9332   1.66   4.07      7   0.817     ok     -    ok       58
   100   10422    9298   1.72   4.49      6   0.809     ok     -    ok      135
   150   10680    9342   1.79   4.23      8   0.824     ok     -    ok      213
   200   11060    9316   1.67   3.10     10   0.749     ok     -    ok      294
   250   11538    9450   1.88   2.62     13   0.742     ok     -    ok      400
   300   11810    9448   2.41   2.79     10   0.755     ok     -    ok      526
   350   12002    9374   2.40   3.29     11   0.671     ok     -    ok      652
   400   12410    9410   2.34   2.70     10   0.860     ok     -    ok      747
   450   12672    9326   2.09   3.93      4   0.768     ok     -    ok      820
   500   13316    9510   2.54   3.87      6   0.759     ok    ok    ok      938
   550   13730    9452   2.56   3.26      6   0.801     ok     -    ok     1043
   600   14434    9552   2.51   2.56     10   0.808     ok     -    ok     1154
   650   14498    9374   2.61   3.11      8   0.817     ok     -    ok     1255
   700   15218    9666   2.62   2.62     10   0.723     ok     -    ok     1344
   750   15566    9604   2.63   2.47      9   0.862     ok     -    ok     1441
   800   16058    9658   2.62   3.04      8   0.739     ok     -    ok     1537
   850   16362    9612   2.70   2.43      9   0.887     ok     -    ok     1636
   900   16736    9564   2.63   1.89     13   0.684     ok     -    ok     1726
   950   17428    9786   2.71   2.30     11   0.734     ok     -    ok     1822
  1000   17946    9780   2.74   2.51      6   0.871     ok    ok    ok     1931
  1050   18226    9712   2.75   2.19      9   0.740     ok     -    ok     2027
  1100   18602    9796   2.73   2.26     11   0.785     ok     -    ok     2122
  1150   19116    9864   2.79   2.00     10   0.737     ok     -    ok     2220
  1200   19250    9904   2.81   2.45      8   0.812     ok     -    ok     2318
  1250   19416    9864   2.80   2.13     11   0.771     ok     -    ok     2416
  1300   19666    9890   2.79   2.17      9   0.866     ok     -    ok     2516
  1350   19946   10012   2.83   2.02     10   0.760     ok     -    ok     2616
  1400   20142   10002   2.83   2.02     11   0.721     ok     -    ok     2716
  1450   20318    9940   2.82   1.76     12   0.726     ok     -    ok     2818
  1500   20400    9954   2.81   1.80     11   0.750     ok    ok    ok     2933
  1550   20358    9952   2.81   1.90     13   0.725     ok     -    ok     3037
  1600   20792   10164   2.80   1.83     10   0.736     ok     -    ok     3140
  1650   20872   10024   2.83   1.99     14   0.709     ok     -    ok     3242
  1700   20866    9986   2.82   2.01     13   0.704     ok     -    ok     3348
  1750   21002    9890   2.84   1.92     10   0.708     ok     -    ok     3454
  1800   21250    9944   2.84   1.79     12   0.690     ok     -    ok     3559
  1850   21200    9972   2.83   1.97     12   0.709     ok     -    ok     3668
  1900   21572   10114   2.86   1.92     12   0.772     ok     -    ok     3776
  1950   21206    9948   2.82   1.79     12   0.705     ok     -    ok     3882
  2000   21334   10086   2.80   1.84     11   0.809     ok    ok    ok     4005
  2050   21312    9978   2.95   1.84     12   0.783     ok     -    ok     4110
  2100   21428   10034   2.88   1.68     14   0.671     ok     -    ok     4216
  2150   21604    9986   2.88   1.49     15   0.645     ok     -    ok     4325
  2200   22058   10102   2.92   1.55     17   0.657     ok     -    ok     4433
  2250   22150   10160   2.82   1.71     12   0.665     ok     -    ok     4540
  2300   22420   10260   2.88   1.64     16   0.669     ok     -    ok     4648
  2350   22410   10124   2.80   1.77     15   0.662     ok     -    ok     4798
  2400   22356   10146   2.90   1.87     14   0.661     ok     -    ok     4911
  2450   22588   10124   2.80   1.72     13   0.665     ok     -    ok     5021
  2500   22662   10122   2.89   1.78     13   0.789     ok    ok    ok     5148
  2550   22896   10120   2.87   1.66     14   0.780     ok     -    ok     5260
  2600   22538   10092   2.94   1.66     14   0.684     ok     -    ok     5370
  2650   22486   10112   2.87   1.79     13   0.695     ok     -    ok     5478
  2700   22616   10146   2.93   1.76     13   0.776     ok     -    ok     5588
  2750   22716   10056   2.91   1.69     12   0.677     ok     -    ok     5699
  2800   22636   10110   2.89   1.90     16   0.682     ok     -    ok     5809
  2850   22674   10116   2.87   1.89     10   0.700     ok     -    ok     5919
  2900   22532   10042   2.86   1.51     12   0.652     ok     -    ok     6030
  2950   22868   10118   2.96   1.59     11   0.662     ok     -    ok     6140
  3000   22774   10132   2.90   1.77     16   0.679     ok    ok    ok     6269
  3050   22776   10106   2.89   1.69     14   0.668     ok     -    ok     6379
  3100   23058   10202   2.93   1.56     12   0.641     ok     -    ok     6489
  3150   22802   10064   2.84   1.72      8   0.656     ok     -    ok     6599
  3200   22982   10194   2.89   1.56     11   0.646     ok     -    ok     6711
  3250   22716   10084   2.86   1.55     14   0.645     ok     -    ok     6822
  3300   22874   10196   2.88   1.53     13   0.661     ok     -    ok     6934
  3350   22912   10094   2.86   1.55     16   0.646     ok     -    ok     7046
  3400   22986   10156   2.93   1.77     12   0.651     ok     -    ok     7157
  3450   22960   10072   2.88   1.77     13   0.626     ok     -    ok     7268
  3500   22848   10108   2.82   1.69     12   0.821     ok    ok    ok     7397
  3550   22854   10042   2.90   1.70     14   0.674     ok     -    ok     7509
  3600   23170   10150   2.90   1.63     14   0.650     ok     -    ok     7679
  3650   23002   10032   2.91   1.77      9   0.624     ok     -    ok     7826
  3700   23428   10266   2.84   1.65     12   0.663     ok     -    ok     7959
  3750   23564   10214   2.90   1.79     12   0.699     ok     -    ok     8099
  3800   23476   10242   2.89   1.67     12   0.655     ok     -    ok     8219
  3850   23448   10184   2.89   1.81      9   0.643     ok     -    ok     8358
  3900   23152   10196   2.93   1.69     11   0.662     ok     -    ok     8500
  3950   23224   10136   2.95   1.63     16   0.671     ok     -    ok     8631
  4000   23132   10154   2.87   1.76     13   0.714     ok    ok    ok     8761
  4050   23144   10186   2.91   1.77     11   0.691     ok     -    ok     8874
  4100   23252   10218   2.87   1.75     11   0.884     ok     -    ok     8986
  4150   23250   10202   2.89   1.98     14   0.711     ok     -    ok     9098
  4200   22974   10188   2.86   1.76     15   0.708     ok     -    ok     9209
  4250   23014   10084   2.85   1.83     13   0.692     ok     -    ok     9320
  4300   23108   10216   2.85   1.84     13   0.709     ok     -    ok     9431
  4350   23114   10136   2.86   1.88     10   0.675     ok     -    ok     9543
  4400   23266   10212   2.89   1.89     13   0.686     ok     -    ok     9686
  4450   22898   10074   2.93   1.76     13   0.675     ok     -    ok     9807
  4500   23134   10264   2.82   1.64     17   0.664     ok    ok    ok     9943
  4550   23168   10172   2.91   1.57     12   0.640     ok     -    ok    10068
  4600   23438   10224   2.90   1.62     14   0.646     ok     -    ok    10195
  4650   23524   10216   2.87   1.88      9   0.672     ok     -    ok    10358
  4700   23604   10218   2.91   1.86     13   0.667     ok     -    ok    10485
  4750   23518   10190   2.84   1.96      8   0.807     ok     -    ok    10598
  4800   23956   10286   2.91   1.78     12   0.676     ok     -    ok    10715
  4850   23698   10178   2.93   1.89     12   0.688     ok     -    ok    10830
  4900   23986   10262   2.90   1.82     12   0.696     ok     -    ok    10945
  4950   23912   10260   2.93   1.78     11   0.658     ok     -    ok    11061
  5000   23950   10176   2.90   1.71     12   0.642     ok    ok    ok    11195
  5050   24032   10276   2.94   1.93      9   0.684     ok     -    ok    11313
  5100   24052   10270   2.90   1.67     14   0.642     ok     -    ok    11428
  5150   23920   10250   2.87   1.99     10   0.677     ok     -    ok    11542
  5200   23812   10214   2.94   1.91      9   0.709     ok     -    ok    11657
  5250   23840   10316   2.93   2.02      9   0.687     ok     -    ok    11771
  5300   23942   10198   2.87   1.98      9   0.664     ok     -    ok    11887
  5350   24134   10426   2.90   1.98     10   0.690     ok     -    ok    12002
  5400   23786   10224   2.93   2.12     10   0.687     ok     -    ok    12117
  5450   23808   10266   2.89   2.19      7   0.791     ok     -    ok    12230
  5500   23372   10022   2.90   2.31      5   0.744     ok    ok    ok    12362
  5550   23662   10248   2.83   1.79      7   0.684     ok     -    ok    12477
  5600   23816   10256   2.88   1.81      8   0.683     ok     -    ok    12591
  5650   23728   10190   2.91   1.66      9   0.698     ok     -    ok    12706
  5700   23924   10308   2.92   1.60     11   0.664     ok     -    ok    12820
  5750   23820   10218   2.90   1.68     12   0.900     ok     -    ok    12934
  5800   24176   10336   2.94   1.92      8   0.693     ok     -    ok    13050
  5850   23940   10300   2.87   1.59     10   0.668     ok     -    ok    13166
  5900   23856   10266   2.90   1.82      6   0.804     ok     -    ok    13280
  5950   24296   10260   2.87   1.50     11   0.627     ok     -    ok    13396
  6000   24092   10250   2.92   1.44     11   0.641     ok    ok    ok    13530
  6050   24188   10324   2.94   1.48     12   0.695     ok     -    ok    13645
  6100   24240   10286   2.90   1.56      7   0.702     ok     -    ok    13760
  6150   24088   10248   2.98   1.63      8   0.658     ok     -    ok    13874
  6200   24020   10250   2.96   1.61      9   0.666     ok     -    ok    13990
  6250   24046   10170   2.92   1.59      8   0.669     ok     -    ok    14099
  6300   23802   10174   2.91   1.55      8   0.665     ok     -    ok    14208
  6350   24116   10294   2.92   1.59      8   0.682     ok     -    ok    14318
  6400   23938   10284   2.92   1.49     13   0.682     ok     -    ok    14432
  6450   24066   10280   2.95   1.84      9   0.750     ok     -    ok    14541
  6500   24020   10238   2.97   1.89      8   0.766     ok    ok    ok    14668
  6550   23732   10188   2.92   1.64      8   0.796     ok     -    ok    14775
  6600   23642   10054   2.88   1.74      9   0.685     ok     -    ok    14884
  6650   23774   10150   2.89   1.37     11   0.674     ok     -    ok    14993
  6700   23722   10180   2.90   1.60     10   0.638     ok     -    ok    15101
  6750   23966   10220   2.88   1.49     10   0.661     ok     -    ok    15209
  6800   24176   10234   2.92   1.47     10   0.645     ok     -    ok    15320
  6850   24236   10284   2.88   1.53     13   0.617     ok     -    ok    15431
  6900   24140   10198   2.88   1.47     10   0.650     ok     -    ok    15540
  6950   24012   10202   2.96   1.51     13   0.653     ok     -    ok    15649
  7000   23700   10046   2.89   1.57     12   0.622     ok    ok    ok    15775
  7050   23998   10266   2.88   1.61     10   0.651     ok     -    ok    15883
  7100   24252   10262   2.94   1.58     10   0.666     ok     -    ok    15992
  7150   24138   10222   2.93   1.43     12   0.599     ok     -    ok    16100
  7200   23834   10156   2.93   1.56     11   0.637     ok     -    ok    16207
  7250   24188   10174   2.92   1.66     12   0.659     ok     -    ok    16316
  7300   24320   10266   2.95   1.68      9   0.634     ok     -    ok    16429
  7350   24098   10184   2.93   1.50     12   0.626     ok     -    ok    16537
  7400   24276   10300   2.86   1.66     11   0.654     ok     -    ok    16647
  7450   24198   10286   2.91   1.74     11   0.677     ok     -    ok    16755
  7500   24288   10246   2.93   1.63     10   0.635     ok    ok    ok    16883
  7550   24198   10350   2.91   1.49     11   0.624     ok     -    ok    16991
  7600   24064   10192   2.90   1.61     10   0.635     ok     -    ok    17099
  7650   24314   10302   2.90   1.53     11   0.637     ok     -    ok    17208
  7700   24152   10238   2.90   1.46     13   0.581     ok     -    ok    17317
  7750   24534   10406   2.89   1.44     14   0.607     ok     -    ok    17426
  7800   24196   10284   2.94   1.39     14   0.573     ok     -    ok    17536
  7850   23826   10156   2.92   1.49     15   0.600     ok     -    ok    17645
  7900   23696   10140   2.86   1.57      9   0.628     ok     -    ok    17753
  7950   23824   10172   2.92   1.74     10   0.627     ok     -    ok    17861
  8000   23962   10238   2.89   1.63      8   0.624     ok    ok    ok    17985
  8050   23892   10254   2.87   1.48     10   0.615     ok     -    ok    18092
  8100   23590   10130   2.90   1.63      9   0.621     ok     -    ok    18199
  8150   23802   10218   2.87   1.71      7   0.729     ok     -    ok    18308
  8200   23772   10234   2.94   1.69     12   0.626     ok     -    ok    18414
  8250   23992   10344   2.90   1.63     11   0.577     ok     -    ok    18521
  8300   23718   10172   2.93   1.55     13   0.586     ok     -    ok    18629
  8350   23838   10218   2.88   1.60      7   0.623     ok     -    ok    18737
  8400   23676   10258   2.92   1.39     16   0.599     ok     -    ok    18844
  8450   23714   10128   2.87   1.37     17   0.638     ok     -    ok    18951
  8500   23744   10176   2.89   1.65     15   0.695     ok    ok    ok    19075
  8550   23594   10182   2.89   1.44     14   0.668     ok     -    ok    19181
  8600   23618   10254   2.94   1.40     16   0.650     ok     -    ok    19287
  8650   23804   10234   2.94   1.57      9   0.640     ok     -    ok    19394
  8700   23802   10154   2.96   1.43     12   0.642     ok     -    ok    19500
  8750   23750   10194   2.91   1.41     15   0.627     ok     -    ok    19606
  8800   23830   10154   2.89   1.47     14   0.637     ok     -    ok    19713
  8850   23948   10258   2.88   1.40     14   0.624     ok     -    ok    19821
  8900   24016   10304   2.90   1.45      9   0.609     ok     -    ok    19929
  8950   24076   10208   2.92   1.38     15   0.601     ok     -    ok    20036
  9000   23950   10254   2.92   1.51     14   0.741     ok    ok    ok    20162
  9050   23910   10188   2.94   1.47     12   0.650     ok     -    ok    20271
  9100   24004   10248   2.87   1.44     12   0.802     ok     -    ok    20378
  9150   24042   10148   2.90   1.37     11   0.779     ok     -    ok    20486
  9200   24182   10320   2.94   1.38     15   0.803     ok     -    ok    20594
  9250   24148   10236   2.92   1.50      9   0.762     ok     -    ok    20701
  9300   24242   10318   2.84   1.51     11   0.832     ok     -    ok    20810
  9350   24096   10192   2.91   1.55     11   0.820     ok     -    ok    20917
  9400   24206   10276   2.90   1.58     11   0.900     ok     -    ok    21025
  9450   24458   10334   2.96   1.42     14   0.630     ok     -    ok    21160
  9500   24394   10298   2.90   1.52     16   0.804     ok    ok    ok    21324
  9550   24322   10260   2.94   1.49     13   0.852     ok     -    ok    21434
  9600   24342   10262   2.92   1.51     14   0.644     ok     -    ok    21544
  9650   24128   10264   2.87   1.47     15   0.656     ok     -    ok    21652
  9700   24212   10226   2.89   1.55     14   0.690     ok     -    ok    21762
  9750   24270   10160   2.93   1.51     17   0.677     ok     -    ok    21871
  9800   24166   10126   2.87   1.58     13   0.850     ok     -    ok    21980
  9850   24072   10186   2.89   1.59     12   0.826     ok     -    ok    22090
  9900   24038   10260   2.91   1.68      8   0.817     ok     -    ok    22198
  9950   24168   10260   2.92   1.83      7   0.731     ok     -    ok    22306
 10000   24140   10162   2.90   1.57     10   0.820     ok    ok    ok    22433
 10050   24242   10184   2.84   1.63     12   0.826     ok     -    ok    22542
 10100   24404   10302   2.83   1.54     10   0.752     ok     -    ok    22651
 10150   24204   10224   2.86   1.56     10   0.851     ok     -    ok    22762
 10200   24434   10366   2.92   1.56     11   0.807     ok     -    ok    22871
 10250   24254   10214   2.90   1.53     12   0.803     ok     -    ok    22980
 10300   24196   10336   2.93   1.61     11   0.768     ok     -    ok    23088
 10350   24112   10252   2.90   1.56      9   0.793     ok     -    ok    23196
 10400   23790   10250   2.91   1.56     10   0.743     ok     -    ok    23304
 10450   24024   10290   2.81   1.58     11   0.772     ok     -    ok    23410
 10500   23896   10254   2.91   1.68      9   0.809     ok    ok    ok    23536
 10550   23912   10292   2.90   1.48     15   0.784     ok     -    ok    23643
 10600   23996   10300   2.96   1.55      9   0.761     ok     -    ok    23751
 10650   24130   10354   2.92   1.54     12   0.752     ok     -    ok    23860
 10700   24086   10224   2.82   1.46     16   0.765     ok     -    ok    23975
 10750   23990   10364   2.90   1.63     15   0.715     ok     -    ok    24089
 10800   23838   10194   2.93   1.55     11   0.744     ok     -    ok    24202
 10850   23776   10084   2.82   1.64     11   0.763     ok     -    ok    24315
 10900   24072   10318   2.90   1.78     10   0.692     ok     -    ok    24429
 10950   23962   10306   2.91   1.82      8   0.702     ok     -    ok    24541
 11000   23990   10220   2.90   1.62      9   0.705     ok    ok    ok    24672
 11050   23704   10248   2.89   1.79      9   0.698     ok     -    ok    24785
 11100   23920   10210   2.86   1.72      8   0.732     ok     -    ok    24897
 11150   24126   10224   2.91   1.79     10   0.733     ok     -    ok    25011
 11200   23608   10106   2.89   1.74      7   0.722     ok     -    ok    25123
 11250   23766   10172   2.86   1.75      6   0.722     ok     -    ok    25235
 11300   23966   10244   2.93   1.78      8   0.722     ok     -    ok    25348
 11350   23972   10194   2.84   1.75      7   0.704     ok     -    ok    25463
 11400   24086   10242   2.94   1.72      9   0.667     ok     -    ok    25576
 11450   24004   10196   2.86   1.66     12   0.736     ok     -    ok    25688
 11500   24022   10186   2.92   1.68     10   0.727     ok    ok    ok    25825
 11550   24062   10206   2.86   1.76      9   0.699     ok     -    ok    25938
 11600   24002   10282   2.88   1.69     10   0.689     ok     -    ok    26054
 11650   23976   10188   2.94   1.63      9   0.735     ok     -    ok    26167
 11700   24126   10328   2.89   1.79     11   0.673     ok     -    ok    26279
 11750   23824   10324   2.86   1.88      8   0.712     ok     -    ok    26390
 11800   24008   10284   2.90   1.72     12   0.719     ok     -    ok    26504
 11850   23940   10222   2.87   1.79     12   0.721     ok     -    ok    26616
 11900   24292   10326   2.92   1.87     10   0.671     ok     -    ok    26729
 11950   23958   10102   2.88   1.79      9   0.650     ok     -    ok    26841
 12000   24292   10302   2.99   2.03      9   0.670     ok    ok    ok    26973
 12050   24140   10316   2.91   1.94     10   0.655     ok     -    ok    27089
 12100   24290   10282   2.88   1.70     10   0.693     ok     -    ok    27203
 12150   24296   10218   2.90   1.64     12   0.690     ok     -    ok    27316
 12200   24294   10246   2.91   1.71     10   0.682     ok     -    ok    27429
 12250   24554   10428   2.90   1.80     11   0.714     ok     -    ok    27543
 12300   24496   10360   2.98   1.51     15   0.818     ok     -    ok    27657
 12350   24212   10198   2.93   1.49     11   0.835     ok     -    ok    27771
 12400   24180   10206   2.93   1.53      9   0.815     ok     -    ok    27883
 12450   24068   10278   2.92   1.56     14   0.744     ok     -    ok    27997
 12500   24026   10170   2.98   1.59     13   0.720     ok    ok    ok    28128
 12550   23900   10224   2.94   1.79     11   0.740     ok     -    ok    28240
 12600   23810   10174   2.90   1.78     11   0.761     ok     -    ok    28353
 12650   23958   10194   2.92   1.68     12   0.747     ok     -    ok    28464
 12700   23926   10228   2.87   1.79     12   0.758     ok     -    ok    28576
 12750   23730   10132   2.87   1.75     10   0.726     ok     -    ok    28689
 12800   23906   10176   2.88   1.81     10   0.695     ok     -    ok    28802
 12850   23666   10076   2.94   1.65     11   0.808     ok     -    ok    28914
 12900   24138   10290   2.85   1.88     11   0.781     ok     -    ok    29027
 12950   23924   10154   2.91   1.81     11   0.823     ok     -    ok    29141
 13000   24180   10266   2.98   1.76      9   0.814     ok    ok    ok    29272
 13050   24110   10270   2.96   1.63     10   0.667     ok     -    ok    29388
 13100   24144   10194   2.89   1.59     16   0.646     ok     -    ok    29513
 13150   24402   10258   2.93   1.74     15   0.667     ok     -    ok    29627
 13200   24450   10190   2.98   1.63     12   0.694     ok     -    ok    29741
 13250   23912   10200   2.88   1.77     10   0.657     ok     -    ok    29855
 13300   24304   10346   2.91   1.69     12   0.669     ok     -    ok    29967
 13350   24114   10108   2.88   1.96      7   0.611     ok     -    ok    30080
 13400   24004   10218   2.82   1.83      9   0.600     ok     -    ok    30194
 13450   24104   10174   2.97   1.94      7   0.570     ok     -    ok    30307
 13500   23910   10170   2.88   1.76     10   0.606     ok    ok    ok    30438
 13550   23852   10252   2.93   1.97      4   0.658     ok     -    ok    30551
 13600   23974   10274   2.91   2.07      6   0.693     ok     -    ok    30663
 13650   23884   10188   2.88   1.94      6   0.678     ok     -    ok    30776
 13700   24266   10336   2.89   1.87      7   0.636     ok     -    ok    30889
 13750   24132   10194   2.87   1.73     10   0.641     ok     -    ok    31002
 13800   24098   10278   2.91   1.73     11   0.699     ok     -    ok    31115
 13850   23982   10232   2.88   1.99      5   0.606     ok     -    ok    31226
 13900   23724   10194   2.92   1.87      8   0.644     ok     -    ok    31338
 13950   23832   10242   2.87   1.80     10   0.674     ok     -    ok    31449
 14000   23876   10300   2.95   1.91      9   0.651     ok    ok    ok    31580
 14050   23770   10268   2.87   1.93      8   0.633     ok     -    ok    31690
 14100   23618   10114   2.91   1.86     10   0.617     ok     -    ok    31802
 14150   24084   10276   2.91   2.16      6   0.622     ok     -    ok    31913
 14200   24106   10272   2.91   2.08      5   0.654     ok     -    ok    32026
 14250   23924   10200   2.93   2.21      5   0.626     ok     -    ok    32137
 14300   23844   10178   2.88   1.73     11   0.619     ok     -    ok    32251
 14350   23738   10182   2.96   1.98      8   0.595     ok     -    ok    32362
 14400   23890   10282   2.90   1.95     10   0.619     ok     -    ok    32473
 14450   23744   10194   2.89   2.05      8   0.608     ok     -    ok    32585
 14500   23846   10250   2.90   1.87      9   0.623     ok    ok    ok    32715
 14550   23718   10200   2.88   1.90      8   0.650     ok     -    ok    32827
 14600   23928   10270   2.89   1.68     11   0.614     ok     -    ok    32939
 14650   23620   10082   2.83   1.74     11   0.605     ok     -    ok    33051
 14700   24066   10268   2.86   1.68      8   0.573     ok     -    ok    33163
 14750   23944   10220   2.94   1.82      8   0.653     ok     -    ok    33275
 14800   23924   10216   2.93   1.72     11   0.697     ok     -    ok    33388
 14850   23710   10130   2.88   1.64     12   0.688     ok     -    ok    33499
 14900   23924   10236   2.91   1.95      6   0.651     ok     -    ok    33611
 14950   24064   10310   2.91   1.73     12   0.676     ok     -    ok    33723
 15000   23928   10268   2.86   1.78     11   0.655     ok    ok    ok    33854
 15050   23898   10184   2.89   1.89     10   0.607     ok     -    ok    33977
 15100   23794   10188   2.89   2.03     10   0.591     ok     -    ok    34112
