# v6 run [bare-Regge (verification)]  target N41=40000  K=80  (k0=2.2, D=0.6, k4=0.9, eps=0.0001)
 sweep      N4     N41    d_H   blob active cos3err  valid links slice   wall_s
    50   40936   39244   2.06   3.13     21   0.757     ok     -    ok      219
   100   41746   39292   2.00   3.56     19   0.714     ok     -    ok      558
   150   42274   39304   2.12   4.24     17   0.756     ok     -    ok      881
   200   43066   39238   1.87   3.77     20   0.759     ok     -    ok     1163
   250   44204   39498   1.85   4.27     16   0.886     ok     -    ok     1451
   300   44790   39302   1.95   4.32     13   0.872     ok     -    ok     1743
   350   45826   39334   1.82   4.10     13   0.848     ok     -    ok     2040
   400   46940   39404   1.83   3.92     12   0.858     ok     -    ok     2342
   450   47728   39186   1.91   3.69     13   0.853     ok     -    ok     2653
   500   49204   39324   1.85   3.26     15   0.879     ok    ok    ok     3070
   550   50562   39438   2.43   3.36     12   0.884     ok     -    ok     3395
   600   51950   39422   2.69   3.13     10   0.912     ok     -    ok     3727
   650   53292   39436   2.73   2.81     15   0.738     ok     -    ok     4066
   700   54864   39430   1.88   2.79     19   0.713     ok     -    ok     4412
   750   56340   39352   2.69   2.25     18   0.888     ok     -    ok     4819
   800   58394   39552   1.93   2.45     17   0.875     ok     -    ok     5242
   850   59774   39592   2.82   2.10     22   0.705     ok     -    ok     5609
   900   61056   39386   2.78   2.33     19   0.709     ok     -    ok     5967
   950   62716   39596   2.83   2.24     23   0.704     ok     -    ok     6334
  1000   64406   39456   2.84   2.41     21   0.700     ok    ok    ok     6835
  1050   65830   39664   3.00   2.68     13   0.715     ok     -    ok     7215
  1100   67128   39682   2.92   2.44     16   0.700     ok     -    ok     7599
  1150   68206   39702   2.98   2.26     17   0.699     ok     -    ok     7987
  1200   69564   39838   2.87   2.58     14   0.704     ok     -    ok     8378
  1250   70524   39740   2.98   2.43     17   0.703     ok     -    ok     8775
  1300   71690   39712   2.95   2.28     19   0.710     ok     -    ok     9171
  1350   72842   39838   2.87   2.19     19   0.692     ok     -    ok     9571
  1400   73814   39798   2.99   2.39     14   0.688     ok     -    ok     9974
  1450   74884   39900   2.92   2.05     19   0.684     ok     -    ok    10381
  1500   75592   39872   2.97   2.16     16   0.870     ok    ok    ok    10943
  1550   76072   39668   2.93   1.96     22   0.686     ok     -    ok    11357
  1600   77716   39910   3.04   2.41     14   0.848     ok     -    ok    11775
  1650   78122   39880   3.02   2.23     17   0.867     ok     -    ok    12196
  1700   78858   39866   3.09   2.46     15   0.866     ok     -    ok    12620
  1750   79284   39872   3.04   2.30     17   0.851     ok     -    ok    13049
  1800   80116   39928   2.95   2.50     15   0.850     ok     -    ok    13481
  1850   80384   39950   3.05   2.37     18   0.695     ok     -    ok    13914
  1900   80284   39934   3.07   2.41     14   0.865     ok     -    ok    14346
  1950   80946   39964   3.01   2.40     16   0.693     ok     -    ok    14778
  2000   81424   39970   2.98   2.23     16   0.696     ok    ok    ok    15388
  2050   82506   39982   2.97   2.49     17   0.867     ok     -    ok    15824
  2100   82340   39858   3.06   2.23     17   0.688     ok     -    ok    16265
  2150   83310   39950   3.01   2.17     19   0.688     ok     -    ok    16703
  2200   84248   40068   3.01   1.94     22   0.691     ok     -    ok    17138
  2250   84452   40028   3.03   1.99     21   0.694     ok     -    ok    17584
  2300   84998   40012   3.07   2.03     19   0.697     ok     -    ok    18029
  2350   85358   40016   3.04   2.07     19   0.691     ok     -    ok    18477
  2400   85326   40038   3.12   2.03     23   0.658     ok     -    ok    18927
  2450   85536   40100   2.99   1.91     23   0.669     ok     -    ok    19375
  2500   85864   40004   3.09   1.89     23   0.661     ok    ok    ok    20008
  2550   86034   40124   3.05   1.92     25   0.678     ok     -    ok    20456
  2600   85728   39872   3.06   2.07     20   0.661     ok     -    ok    20908
  2650   86090   40050   3.02   2.07     20   0.691     ok     -    ok    21359
  2700   86286   40012   3.05   2.11     20   0.677     ok     -    ok    21812
  2750   86786   40138   3.04   2.03     23   0.682     ok     -    ok    22265
  2800   87406   39968   3.05   2.01     22   0.654     ok     -    ok    22721
  2850   87844   40132   3.10   1.92     21   0.655     ok     -    ok    23178
  2900   87894   40000   3.13   1.89     21   0.664     ok     -    ok    23636
  2950   88724   40088   3.07   2.03     22   0.652     ok     -    ok    24097
  3000   88748   40008   3.04   1.96     25   0.654     ok    ok    ok    24750
  3050   89194   40114   3.10   1.89     24   0.682     ok     -    ok    25208
  3100   89170   40178   3.05   1.97     24   0.665     ok     -    ok    25670
  3150   89356   40122   3.11   2.01     22   0.661     ok     -    ok    26123
  3200   89818   40158   3.05   2.05     22   0.705     ok     -    ok    26585
  3250   89724   40010   3.15   2.04     22   0.659     ok     -    ok    27048
  3300   90030   40054   3.10   2.03     26   0.672     ok     -    ok    27511
  3350   90050   39988   3.14   1.98     22   0.637     ok     -    ok    27977
  3400   90416   40198   3.05   2.00     25   0.644     ok     -    ok    28445
  3450   90532   40192   3.06   1.91     24   0.649     ok     -    ok    28912
  3500   90256   40154   3.07   1.98     23   0.651     ok    ok    ok    29577
  3550   90384   40166   3.13   2.00     23   0.648     ok     -    ok    30045
  3600   90374   40102   3.03   2.23     20   0.665     ok     -    ok    30513
  3650   90496   40094   3.11   2.14     27   0.651     ok     -    ok    30984
  3700   90912   40182   3.08   1.92     24   0.641     ok     -    ok    31452
  3750   90374   40222   3.12   1.93     22   0.637     ok     -    ok    31921
  3800   91054   40158   3.10   1.89     25   0.643     ok     -    ok    32388
  3850   91200   40314   3.09   1.87     24   0.640     ok     -    ok    32855
  3900   91226   39978   3.07   1.79     27   0.642     ok     -    ok    33324
  3950   91498   40220   3.16   1.92     22   0.639     ok     -    ok    33791
  4000   91664   40084   3.12   2.00     18   0.622     ok    ok    ok    34461
  4050   91856   40240   3.12   2.06     21   0.626     ok     -    ok    34933
  4100   92064   40216   3.12   1.98     20   0.629     ok     -    ok    35424
  4150   91592   40140   3.12   1.92     20   0.643     ok     -    ok    36009
  4200   91060   40016   3.09   1.89     20   0.622     ok     -    ok    36620
  4250   91646   40052   3.10   2.11     16   0.619     ok     -    ok    37226
  4300   91858   40168   3.05   2.01     19   0.622     ok     -    ok    37839
  4350   92344   40288   3.16   2.00     20   0.608     ok     -    ok    38531
  4400   92092   40072   3.11   1.98     20   0.608     ok     -    ok    39269
