!! WITH-THEORY (ADMISSIBILITY-CLOSURE) run -- the paper's own cell weighting, not a spin-foam amplitude.
   beta=0.25  eta=0.0298668  lambda_inj=3.0  placebo=False
   [fidelity] injective ensemble at this eta: <K^2>=50.223 (closure relation 3/(2 eta)=50.223)  entropy=7.4198 (paper: 7.4198 at eta*)
# [mu TI] closure: 1059 spatial tets, 7 grid points x 3+2 passes
# [mu TI]   s=0.0000  <E_bar>_s = 4.1606
# [mu TI]   s=0.0417  <E_bar>_s = 3.8180
# [mu TI]   s=0.0833  <E_bar>_s = 3.5635
# [mu TI]   s=0.1250  <E_bar>_s = 3.4222
# [mu TI]   s=0.1667  <E_bar>_s = 3.2092
# [mu TI]   s=0.2083  <E_bar>_s = 3.1068
# [mu TI]   s=0.2500  <E_bar>_s = 2.9365
# [mu TI] mu(0.25) = 3.4447  (uniform 4.1606 -> equilibrated 2.9365; mu is the free energy, between)
[resume] N4=4678 N41=2118 (extra_state absent)
# [closure centering] mu = 3.4447 per cell (fixed; free-energy calibrated => volume-neutral, keep k4 at the bare value)
# v6 run [CLOSURE [beta=0.25]]  target N41=2000  K=16  (k0=2.2, D=0.6, k4=0.9, eps=0.005)
 sweep      N4     N41    d_H   blob active cos3err  valid links slice   wall_s
    20    4486    1990   2.64   2.36      5   0.297     ok     -    ok      379
# [audit ok] sweep 25: S=2959.6608 matches recompute (drift 4.5e-13)
    40    4464    2000   2.74   2.43      4   0.322     ok     -    ok      698
# [audit ok] sweep 50: S=2908.8460 matches recompute (drift 4.5e-13)
    60    4490    2010   2.72   2.28      4   0.391     ok     -    ok     1013
# [audit ok] sweep 75: S=2927.5705 matches recompute (drift 0.0e+00)
    80    4482    2002   2.76   2.57      4   0.309     ok     -    ok     1327
# [audit ok] sweep 100: S=2963.3609 matches recompute (drift 4.5e-13)
   100    4510    2014   2.67   2.49      6   0.321     ok     -    ok     1641
   120    4426    2000   2.71   2.30      7   0.321     ok     -    ok     1960
# [audit ok] sweep 125: S=2843.3387 matches recompute (drift 0.0e+00)
   140    4438    2008   2.66   2.33      7   0.345     ok     -    ok     2275
# [audit ok] sweep 150: S=2942.7812 matches recompute (drift 4.5e-13)
   160    4434    1986   2.57   2.29      4   0.493     ok     -    ok     2524
# [audit ok] sweep 175: S=2948.0062 matches recompute (drift 4.5e-13)
   180    4548    2022   2.67   2.58      4   0.242     ok     -    ok     2665
# [audit ok] sweep 200: S=2955.1906 matches recompute (drift 4.5e-13)
   200    4496    2006   2.61   2.36      5   0.302     ok    ok    ok     2828
   220    4448    1990   2.63   2.43      4   0.288     ok     -    ok     2971
# [audit ok] sweep 225: S=2947.1054 matches recompute (drift 4.5e-13)
   240    4518    1996   2.72   2.58      4   0.275     ok     -    ok     3112
# [audit ok] sweep 250: S=3006.7414 matches recompute (drift 0.0e+00)
   260    4534    2004   2.65   2.44      5   0.277     ok     -    ok     3253
# [audit ok] sweep 275: S=2959.8565 matches recompute (drift 4.5e-13)
   280    4458    1996   2.74   2.45      5   0.265     ok     -    ok     3395
# [audit ok] sweep 300: S=2938.1297 matches recompute (drift 9.1e-13)
   300    4454    1994   2.64   2.78      4   0.315     ok     -    ok     3528
   320    4324    1984   2.58   2.24      4   0.332     ok     -    ok     3661
# [audit ok] sweep 325: S=2842.6567 matches recompute (drift 0.0e+00)
   340    4364    1996   2.60   2.20      4   0.287     ok     -    ok     3792
# [audit ok] sweep 350: S=2861.5081 matches recompute (drift 4.5e-13)
   360    4414    2008   2.66   2.57      5   0.322     ok     -    ok     3923
# [audit ok] sweep 375: S=2899.1719 matches recompute (drift 9.1e-13)
   380    4438    2016   2.69   2.57      3   0.291     ok     -    ok     4056
# [audit ok] sweep 400: S=2908.1392 matches recompute (drift 0.0e+00)
   400    4458    2000   2.69   2.90      4   0.267     ok    ok    ok     4206
   420    4456    1982   2.67   2.74      3   0.269     ok     -    ok     4342
# [audit ok] sweep 425: S=2912.7348 matches recompute (drift 4.5e-13)
   440    4450    1980   2.58   2.65      3   0.310     ok     -    ok     4473
# [audit ok] sweep 450: S=2908.9668 matches recompute (drift 4.5e-13)
   460    4404    1986   2.64   2.64      4   0.319     ok     -    ok     4604
# [audit ok] sweep 475: S=2896.9011 matches recompute (drift 4.5e-13)
   480    4474    2020   2.60   2.53      4   0.260     ok     -    ok     4735
# [audit ok] sweep 500: S=2845.0954 matches recompute (drift 9.1e-13)
   500    4386    1998   2.70   2.32      4   0.237     ok     -    ok     4866
   520    4322    1974   2.57   2.33      5   0.303     ok     -    ok     4994
# [audit ok] sweep 525: S=2841.8249 matches recompute (drift 4.5e-13)
   540    4410    2000   2.72   2.53      4   0.331     ok     -    ok     5129
# [audit ok] sweep 550: S=2861.6765 matches recompute (drift 4.5e-13)
   560    4400    2002   2.73   2.53      4   0.355     ok     -    ok     5259
# [audit ok] sweep 575: S=2871.3281 matches recompute (drift 4.5e-13)
   580    4416    2000   2.66   2.30      7   0.454     ok     -    ok     5391
# [audit ok] sweep 600: S=2829.5241 matches recompute (drift 4.5e-13)
   600    4370    1994   2.61   2.36      4   0.319     ok    ok    ok     5540
   620    4378    2020   2.65   2.39      5   0.282     ok     -    ok     5669
# [audit ok] sweep 625: S=2860.5130 matches recompute (drift 4.5e-13)
   640    4398    2002   2.62   2.21      5   0.381     ok     -    ok     5800
# [audit ok] sweep 650: S=2904.7299 matches recompute (drift 4.5e-13)
   660    4404    2002   2.75   2.51      5   0.235     ok     -    ok     5933
# [audit ok] sweep 675: S=2931.4397 matches recompute (drift 9.1e-13)
   680    4428    1988   2.67   2.43      5   0.293     ok     -    ok     6068
# [audit ok] sweep 700: S=2928.9596 matches recompute (drift 4.5e-13)
   700    4454    2008   2.59   2.37      5   0.472     ok     -    ok     6213
   720    4364    1988   2.62   2.41      4   0.342     ok     -    ok     6358
# [audit ok] sweep 725: S=2832.7671 matches recompute (drift 9.1e-13)
   740    4434    1998   2.71   2.27      4   0.310     ok     -    ok     6490
# [audit ok] sweep 750: S=2951.9354 matches recompute (drift 4.5e-13)
   760    4498    2016   2.67   2.29      7   0.532     ok     -    ok     6622
# [audit ok] sweep 775: S=3017.3647 matches recompute (drift 4.5e-13)
   780    4536    2000   2.64   2.43      4   0.556     ok     -    ok     6753
# [audit ok] sweep 800: S=2973.0443 matches recompute (drift 4.5e-13)
   800    4512    2014   2.79   2.37      6   0.374     ok    ok    ok     6905
   820    4520    2004   2.66   2.44      4   0.274     ok     -    ok     7038
# [audit ok] sweep 825: S=2981.5709 matches recompute (drift 4.5e-13)
   840    4546    2014   2.67   2.29      4   0.518     ok     -    ok     7169
# [audit ok] sweep 850: S=3025.1601 matches recompute (drift 4.5e-13)
   860    4540    2010   2.66   2.28      5   0.303     ok     -    ok     7301
# [audit ok] sweep 875: S=2927.6063 matches recompute (drift 4.5e-13)
   880    4456    1998   2.57   2.53      4   0.303     ok     -    ok     7434
# [audit ok] sweep 900: S=2914.2624 matches recompute (drift 4.5e-13)
   900    4428    2012   2.62   2.40      4   0.291     ok     -    ok     7565
   920    4470    1996   2.73   2.23      4   0.311     ok     -    ok     7698
# [audit ok] sweep 925: S=2921.6566 matches recompute (drift 4.5e-13)
   940    4504    2006   2.66   2.34      4   0.349     ok     -    ok     7831
# [audit ok] sweep 950: S=2994.0384 matches recompute (drift 4.5e-13)
   960    4542    1994   2.74   2.12      5   0.298     ok     -    ok     7965
# [audit ok] sweep 975: S=2972.5316 matches recompute (drift 4.5e-13)
   980    4482    2008   2.64   2.26      5   0.215     ok     -    ok     8105
# [audit ok] sweep 1000: S=2988.1466 matches recompute (drift 4.5e-13)
  1000    4520    2008   2.65   2.22      3   0.541     ok    ok    ok     8257
  1020    4456    1974   2.72   2.42      3   0.268     ok     -    ok     8391
# [audit ok] sweep 1025: S=2942.6901 matches recompute (drift 4.5e-13)
  1040    4496    2008   2.59   2.29      4   0.432     ok     -    ok     8524
# [audit ok] sweep 1050: S=2950.4955 matches recompute (drift 4.5e-13)
  1060    4502    2008   2.65   2.36      4   0.273     ok     -    ok     8654
# [audit ok] sweep 1075: S=2985.5315 matches recompute (drift 0.0e+00)
  1080    4500    2008   2.70   2.29      5   0.294     ok     -    ok     8791
# [audit ok] sweep 1100: S=2932.7230 matches recompute (drift 4.5e-13)
  1100    4494    2018   2.69   2.27      4   0.325     ok     -    ok     8925
  1120    4472    1992   2.70   2.51      4   0.279     ok     -    ok     9057
# [audit ok] sweep 1125: S=2905.8434 matches recompute (drift 4.5e-13)
  1140    4436    2000   2.67   2.45      4   0.286     ok     -    ok     9190
# [audit ok] sweep 1150: S=2885.8372 matches recompute (drift 0.0e+00)
  1160    4436    1998   2.71   2.35      5   0.356     ok     -    ok     9325
# [audit ok] sweep 1175: S=2934.4323 matches recompute (drift 4.5e-13)
  1180    4442    1994   2.62   2.33      4   0.367     ok     -    ok     9457
# [audit ok] sweep 1200: S=2931.5741 matches recompute (drift 4.5e-13)
  1200    4480    2010   2.63   2.26      4   0.326     ok    ok    ok     9606
  1220    4480    2008   2.71   2.53      3   0.336     ok     -    ok     9739
# [audit ok] sweep 1225: S=2961.2803 matches recompute (drift 9.1e-13)
  1240    4528    2006   2.70   2.12      4   0.275     ok     -    ok     9873
# [audit ok] sweep 1250: S=2945.8577 matches recompute (drift 4.5e-13)
  1260    4460    2004   2.71   2.60      3   0.289     ok     -    ok    10005
# [audit ok] sweep 1275: S=2894.1854 matches recompute (drift 4.5e-13)
  1280    4506    2012   2.64   2.53      4   0.315     ok     -    ok    10137
# [audit ok] sweep 1300: S=3004.3137 matches recompute (drift 4.5e-13)
  1300    4558    2010   2.74   2.48      4   0.315     ok     -    ok    10268
  1320    4554    1998   2.63   2.45      3   0.407     ok     -    ok    10401
# [audit ok] sweep 1325: S=2981.8717 matches recompute (drift 4.5e-13)
  1340    4542    2000   2.72   2.43      4   0.328     ok     -    ok    10534
# [audit ok] sweep 1350: S=3024.0535 matches recompute (drift 4.5e-13)
  1360    4554    1986   2.67   2.67      3   0.268     ok     -    ok    10667
# [audit ok] sweep 1375: S=3069.0092 matches recompute (drift 4.5e-13)
  1380    4666    2000   2.70   2.70      4   0.292     ok     -    ok    10799
# [audit ok] sweep 1400: S=3072.9561 matches recompute (drift 0.0e+00)
  1400    4614    2002   2.69   2.75      3   0.319     ok    ok    ok    10953
  1420    4588    2000   2.71   2.77      3   0.373     ok     -    ok    11085
# [audit ok] sweep 1425: S=3028.5551 matches recompute (drift 4.5e-13)
  1440    4646    1988   2.65   2.54      4   0.332     ok     -    ok    11221
# [audit ok] sweep 1450: S=3081.6763 matches recompute (drift 4.5e-13)
  1460    4644    2012   2.75   2.80      3   0.351     ok     -    ok    11354
# [audit ok] sweep 1475: S=3020.3700 matches recompute (drift 4.5e-13)
  1480    4590    2004   2.72   2.78      4   0.324     ok     -    ok    11486
# [audit ok] sweep 1500: S=2986.4622 matches recompute (drift 4.5e-13)
  1500    4504    2002   2.64   2.49      5   0.315     ok     -    ok    11621
  1520    4552    2016   2.58   2.37      5   0.274     ok     -    ok    11754
# [audit ok] sweep 1525: S=3007.5225 matches recompute (drift 0.0e+00)
  1540    4538    1984   2.71   2.47      6   0.370     ok     -    ok    11887
# [audit ok] sweep 1550: S=2983.3794 matches recompute (drift 9.1e-13)
  1560    4568    1998   2.63   2.31      7   0.315     ok     -    ok    12022
# [audit ok] sweep 1575: S=3011.7556 matches recompute (drift 4.5e-13)
  1580    4588    1998   2.72   2.32      7   0.368     ok     -    ok    12157
# [audit ok] sweep 1600: S=2993.3710 matches recompute (drift 4.5e-13)
  1600    4526    2000   2.69   2.48      6   0.375     ok    ok    ok    12313
  1620    4584    2006   2.75   2.47      5   0.385     ok     -    ok    12446
# [audit ok] sweep 1625: S=3014.9521 matches recompute (drift 4.5e-13)
  1640    4572    2010   2.70   2.47      5   0.398     ok     -    ok    12579
# [audit ok] sweep 1650: S=3016.9548 matches recompute (drift 4.5e-13)
  1660    4558    2000   2.70   2.51      4   0.333     ok     -    ok    12716
# [audit ok] sweep 1675: S=2920.3691 matches recompute (drift 4.5e-13)
  1680    4428    1994   2.62   2.54      4   0.393     ok     -    ok    12857
# [audit ok] sweep 1700: S=2886.0500 matches recompute (drift 4.5e-13)
  1700    4426    2012   2.66   2.53      5   0.304     ok     -    ok    12990
  1720    4382    2012   2.63   2.39      4   0.326     ok     -    ok    13121
# [audit ok] sweep 1725: S=2865.8071 matches recompute (drift 4.5e-13)
  1740    4414    1992   2.65   2.30      5   0.387     ok     -    ok    13253
# [audit ok] sweep 1750: S=2889.9292 matches recompute (drift 4.5e-13)
  1760    4462    2004   2.69   2.33      4   0.388     ok     -    ok    13385
# [audit ok] sweep 1775: S=2937.9043 matches recompute (drift 4.5e-13)
  1780    4518    2016   2.66   2.56      5   0.303     ok     -    ok    13515
# [audit ok] sweep 1800: S=3011.8626 matches recompute (drift 4.5e-13)
  1800    4540    2012   2.70   2.47      4   0.373     ok    ok    ok    13667
  1820    4440    1982   2.62   2.39      5   0.405     ok     -    ok    13799
# [audit ok] sweep 1825: S=2916.3750 matches recompute (drift 4.5e-13)
  1840    4478    1998   2.61   2.47      4   0.375     ok     -    ok    13931
# [audit ok] sweep 1850: S=2905.7127 matches recompute (drift 9.1e-13)
  1860    4514    2010   2.76   2.34      4   0.377     ok     -    ok    14063
# [audit ok] sweep 1875: S=2996.2983 matches recompute (drift 4.5e-13)
  1880    4538    2008   2.55   2.45      4   0.355     ok     -    ok    14197
# [audit ok] sweep 1900: S=2964.9655 matches recompute (drift 4.5e-13)
  1900    4486    1976   2.74   2.70      3   0.343     ok     -    ok    14329
  1920    4492    2008   2.78   2.84      5   0.447     ok     -    ok    14464
# [audit ok] sweep 1925: S=2962.8907 matches recompute (drift 4.5e-13)
  1940    4502    2006   2.59   2.31      6   0.446     ok     -    ok    14597
# [audit ok] sweep 1950: S=3003.3516 matches recompute (drift 9.1e-13)
  1960    4590    1994   2.86   2.50      4   0.419     ok     -    ok    14734
# [audit ok] sweep 1975: S=3063.5189 matches recompute (drift 4.5e-13)
  1980    4604    1998   2.68   2.40      5   0.352     ok     -    ok    14870
# [audit ok] sweep 2000: S=3019.5739 matches recompute (drift 0.0e+00)
  2000    4612    2012   2.65   2.58      5   0.345     ok    ok    ok    15024
  2020    4562    1996   2.69   2.37      4   0.446     ok     -    ok    15157
# [audit ok] sweep 2025: S=3036.9028 matches recompute (drift 4.5e-13)
  2040    4604    2002   2.69   2.29      7   0.436     ok     -    ok    15291
# [audit ok] sweep 2050: S=3023.1677 matches recompute (drift 0.0e+00)
  2060    4618    2000   2.74   2.37      5   0.441     ok     -    ok    15423
# [audit ok] sweep 2075: S=3018.6453 matches recompute (drift 4.5e-13)
  2080    4550    2008   2.60   2.60      5   0.435     ok     -    ok    15556
# [audit ok] sweep 2100: S=3036.4154 matches recompute (drift 4.5e-13)
  2100    4624    2022   2.64   2.77      5   0.435     ok     -    ok    15690
  2120    4622    2002   2.67   2.53      6   0.423     ok     -    ok    15828
# [audit ok] sweep 2125: S=3064.4907 matches recompute (drift 9.1e-13)
  2140    4688    2012   2.63   2.62      5   0.353     ok     -    ok    15966
# [audit ok] sweep 2150: S=3132.3107 matches recompute (drift 9.1e-13)
  2160    4710    2028   2.69   2.51      6   0.431     ok     -    ok    16102
# [audit ok] sweep 2175: S=3125.2672 matches recompute (drift 4.5e-13)
  2180    4716    2002   2.66   2.38      7   0.381     ok     -    ok    16237
# [audit ok] sweep 2200: S=3175.1807 matches recompute (drift 4.5e-13)
  2200    4782    2002   2.64   2.32      7   0.420     ok    ok    ok    16389
  2220    4742    2000   2.69   2.19      7   0.425     ok     -    ok    16488
# [audit ok] sweep 2225: S=3176.3153 matches recompute (drift 4.5e-13)
  2240    4736    1992   2.67   2.28      7   0.417     ok     -    ok    16550
# [audit ok] sweep 2250: S=3133.5687 matches recompute (drift 4.5e-13)
  2260    4684    1982   2.70   2.29      6   0.419     ok     -    ok    16610
# [audit ok] sweep 2275: S=3094.8335 matches recompute (drift 9.1e-13)
  2280    4656    2000   2.72   2.35      6   0.306     ok     -    ok    16671
# [audit ok] sweep 2300: S=3126.4467 matches recompute (drift 0.0e+00)
  2300    4708    2000   2.60   2.34      7   0.404     ok     -    ok    16730
  2320    4740    2006   2.73   2.27      7   0.346     ok     -    ok    16788
# [audit ok] sweep 2325: S=3188.4475 matches recompute (drift 4.5e-13)
  2340    4744    1992   2.74   2.33      7   0.259     ok     -    ok    16845
# [audit ok] sweep 2350: S=3197.9028 matches recompute (drift 4.5e-13)
  2360    4778    2008   2.68   2.07      7   0.334     ok     -    ok    16902
# [audit ok] sweep 2375: S=3218.6701 matches recompute (drift 4.5e-13)
  2380    4796    2012   2.68   2.12      6   0.329     ok     -    ok    16959
# [audit ok] sweep 2400: S=3174.8767 matches recompute (drift 4.5e-13)
  2400    4752    1996   2.75   2.16      6   0.177     ok    ok    ok    17016
  2420    4768    2010   2.74   2.21      7   0.298     ok     -    ok    17063
# [audit ok] sweep 2425: S=3193.5441 matches recompute (drift 4.5e-13)
  2440    4784    1998   2.76   2.16      7   0.298     ok     -    ok    17110
# [audit ok] sweep 2450: S=3174.2704 matches recompute (drift 4.5e-13)
  2460    4792    2010   2.76   2.20      7   0.320     ok     -    ok    17146
# [audit ok] sweep 2475: S=3185.9682 matches recompute (drift 4.5e-13)
  2480    4776    1996   2.80   1.96      7   0.334     ok     -    ok    17175
# [audit ok] sweep 2500: S=3124.2459 matches recompute (drift 9.1e-13)
  2500    4688    1998   2.67   2.05      7   0.325     ok     -    ok    17192
# FINAL verify: ok=True  gluing_ok=True  links=0  simplicial=True  chi=0  n_tets=11720 (expect 11720)  connected=True
# FINAL foliation: slice-triangle incidence {2: 1998} (all-2 = closed 3-manifold slices)  same-side tets=0  => CLEAN (standard CDT ensemble)

================================================================
  WITH-THEORY (CLOSURE) RESULT -- compare to bare + placebo arms
================================================================
  beta=0.25  eta=0.0298668  lambda_inj=3.0  placebo=False  mu=3.4447071015394344
  manifold check: PASS  [links=0]   foliation: CLEAN
  final N4=4688  N41=1998
  d_H = 2.67   rails: 2t=1.89 3t=2.60 4t=3.00
  blob score = 2.05   active slices = 7/16   max slice = 256
  cos^3 fit: width=4.2  rel.RMS err=0.325
  closure term: <E>/tet=2.9474  std=1.8179  tets with label collision: 0.443  (n_tets=999)
  (read against the beta=0 control and the --placebo arm at the same beta; only a real-vs-placebo difference is closure physics.)
