!! WITH-THEORY (ADMISSIBILITY-CLOSURE) run -- the paper's own cell weighting, not a spin-foam amplitude.
   beta=1.0  eta=0.0298668  lambda_inj=3.0  placebo=False
   [fidelity] injective ensemble at this eta: <K^2>=50.223 (closure relation 3/(2 eta)=50.223)  entropy=7.4198 (paper: 7.4198 at eta*)
# [mu TI] closure: 1059 spatial tets, 7 grid points x 3+2 passes
# [mu TI]   s=0.0000  <E_bar>_s = 4.1606
# [mu TI]   s=0.1667  <E_bar>_s = 3.1848
# [mu TI]   s=0.3333  <E_bar>_s = 2.7061
# [mu TI]   s=0.5000  <E_bar>_s = 2.3670
# [mu TI]   s=0.6667  <E_bar>_s = 2.0426
# [mu TI]   s=0.8333  <E_bar>_s = 1.8369
# [mu TI]   s=1.0000  <E_bar>_s = 1.7301
# [mu TI] mu(1.0) = 2.5138  (uniform 4.1606 -> equilibrated 1.7301; mu is the free energy, between)
[resume] N4=4678 N41=2118 (extra_state absent)
# [closure centering] mu = 2.5138 per cell (fixed; free-energy calibrated => volume-neutral, keep k4 at the bare value)
# v6 run [CLOSURE [beta=1.0]]  target N41=2000  K=16  (k0=2.2, D=0.6, k4=0.9, eps=0.01)
 sweep      N4     N41    d_H   blob active cos3err  valid links slice   wall_s
    20    4496    1976   2.78   2.61      4   0.297     ok     -    ok      370
# [audit ok] sweep 25: S=2488.7339 matches recompute (drift 4.5e-13)
    40    4422    1972   2.61   2.63      4   0.327     ok     -    ok      689
# [audit ok] sweep 50: S=2409.5375 matches recompute (drift 0.0e+00)
    60    4436    1996   2.67   2.73      4   0.364     ok     -    ok     1005
# [audit ok] sweep 75: S=2411.2719 matches recompute (drift 4.5e-13)
    80    4410    1970   2.58   2.47      4   0.352     ok     -    ok     1317
# [audit ok] sweep 100: S=2311.1004 matches recompute (drift 9.1e-13)
   100    4370    1978   2.62   2.56      4   0.330     ok     -    ok     1630
   120    4390    1974   2.61   2.48      4   0.334     ok     -    ok     1942
# [audit ok] sweep 125: S=2430.1369 matches recompute (drift 4.5e-13)
   140    4362    1958   2.63   2.65      4   0.342     ok     -    ok     2255
# [audit ok] sweep 150: S=2385.1937 matches recompute (drift 4.5e-13)
   160    4424    1974   2.57   2.67      4   0.327     ok     -    ok     2507
# [audit ok] sweep 175: S=2468.4921 matches recompute (drift 4.5e-13)
   180    4386    1972   2.59   2.55      5   0.313     ok     -    ok     2648
# [audit ok] sweep 200: S=2503.4666 matches recompute (drift 4.5e-13)
   200    4434    1984   2.60   2.48      5   0.223     ok    ok    ok     2810
   220    4406    1968   2.66   2.37      6   0.275     ok     -    ok     2950
# [audit ok] sweep 225: S=2456.3369 matches recompute (drift 0.0e+00)
   240    4480    1966   2.63   2.49      6   0.264     ok     -    ok     3088
# [audit ok] sweep 250: S=2424.0991 matches recompute (drift 4.5e-13)
   260    4472    1974   2.74   2.55      5   0.213     ok     -    ok     3232
# [audit ok] sweep 275: S=2484.8475 matches recompute (drift 1.4e-12)
   280    4482    1978   2.63   2.38      5   0.213     ok     -    ok     3375
# [audit ok] sweep 300: S=2423.5500 matches recompute (drift 4.5e-13)
   300    4448    1972   2.72   2.35      4   0.406     ok     -    ok     3508
   320    4546    1976   2.74   2.51      4   0.340     ok     -    ok     3640
# [audit ok] sweep 325: S=2574.0456 matches recompute (drift 0.0e+00)
   340    4540    1972   2.62   2.34      6   0.241     ok     -    ok     3771
# [audit ok] sweep 350: S=2450.5280 matches recompute (drift 4.5e-13)
   360    4496    1978   2.72   2.38      4   0.286     ok     -    ok     3903
# [audit ok] sweep 375: S=2504.3541 matches recompute (drift 4.5e-13)
   380    4502    1990   2.78   2.25      5   0.349     ok     -    ok     4035
# [audit ok] sweep 400: S=2421.3596 matches recompute (drift 0.0e+00)
   400    4440    1984   2.65   2.29      5   0.241     ok    ok    ok     4183
   420    4400    1984   2.64   2.26      5   0.286     ok     -    ok     4317
# [audit ok] sweep 425: S=2429.5472 matches recompute (drift 4.5e-13)
   440    4400    1990   2.79   2.33      6   0.204     ok     -    ok     4446
# [audit ok] sweep 450: S=2427.9401 matches recompute (drift 0.0e+00)
   460    4402    1974   2.65   2.33      6   0.238     ok     -    ok     4575
# [audit ok] sweep 475: S=2436.2052 matches recompute (drift 0.0e+00)
   480    4388    1978   2.73   2.30      6   0.324     ok     -    ok     4704
# [audit ok] sweep 500: S=2545.2093 matches recompute (drift 0.0e+00)
   500    4448    1980   2.68   2.33      6   0.251     ok     -    ok     4834
   520    4478    1988   2.69   2.40      5   0.339     ok     -    ok     4962
# [audit ok] sweep 525: S=2440.4296 matches recompute (drift 9.1e-13)
   540    4498    1968   2.65   2.36      4   0.330     ok     -    ok     5095
# [audit ok] sweep 550: S=2586.5526 matches recompute (drift 4.5e-13)
   560    4498    1978   2.69   2.31      4   0.299     ok     -    ok     5225
# [audit ok] sweep 575: S=2498.5839 matches recompute (drift 9.1e-13)
   580    4498    1994   2.69   2.49      5   0.333     ok     -    ok     5358
# [audit ok] sweep 600: S=2472.1236 matches recompute (drift 4.5e-13)
   600    4452    1998   2.65   2.37      4   0.376     ok    ok    ok     5508
   620    4452    1958   2.68   2.39      6   0.232     ok     -    ok     5638
# [audit ok] sweep 625: S=2524.4467 matches recompute (drift 0.0e+00)
   640    4452    1958   2.73   2.39      4   0.306     ok     -    ok     5771
# [audit ok] sweep 650: S=2507.7871 matches recompute (drift 4.5e-13)
   660    4434    1980   2.69   2.34      5   0.290     ok     -    ok     5903
# [audit ok] sweep 675: S=2495.8612 matches recompute (drift 4.5e-13)
   680    4412    1972   2.64   2.39      4   0.280     ok     -    ok     6037
# [audit ok] sweep 700: S=2582.4456 matches recompute (drift 4.5e-13)
   700    4514    1980   2.67   2.49      5   0.428     ok     -    ok     6184
   720    4574    1992   2.66   2.49      5   0.403     ok     -    ok     6332
# [audit ok] sweep 725: S=2590.9198 matches recompute (drift 4.5e-13)
   740    4558    1964   2.72   2.56      4   0.409     ok     -    ok     6467
# [audit ok] sweep 750: S=2660.4114 matches recompute (drift 4.5e-13)
   760    4610    1966   2.78   2.56      6   0.422     ok     -    ok     6600
# [audit ok] sweep 775: S=2756.5123 matches recompute (drift 9.1e-13)
   780    4598    1988   2.63   2.41      6   0.408     ok     -    ok     6733
# [audit ok] sweep 800: S=2692.3080 matches recompute (drift 0.0e+00)
   800    4696    1990   2.71   2.46      6   0.417     ok    ok    ok     6887
   820    4680    1982   2.69   2.47      6   0.395     ok     -    ok     7019
# [audit ok] sweep 825: S=2673.3582 matches recompute (drift 0.0e+00)
   840    4636    1980   2.77   2.57      6   0.339     ok     -    ok     7150
# [audit ok] sweep 850: S=2612.8893 matches recompute (drift 4.5e-13)
   860    4600    1982   2.72   2.70      5   0.292     ok     -    ok     7283
# [audit ok] sweep 875: S=2593.1994 matches recompute (drift 4.5e-13)
   880    4608    1976   2.71   2.56      5   0.319     ok     -    ok     7415
# [audit ok] sweep 900: S=2666.4494 matches recompute (drift 9.1e-13)
   900    4636    1994   2.80   2.87      5   0.234     ok     -    ok     7547
   920    4568    1970   2.67   2.62      4   0.304     ok     -    ok     7679
# [audit ok] sweep 925: S=2623.7702 matches recompute (drift 0.0e+00)
   940    4554    1962   2.75   2.36      5   0.311     ok     -    ok     7814
# [audit ok] sweep 950: S=2559.2595 matches recompute (drift 0.0e+00)
   960    4568    1984   2.73   2.48      5   0.251     ok     -    ok     7945
# [audit ok] sweep 975: S=2479.0694 matches recompute (drift 0.0e+00)
   980    4532    1968   2.74   2.62      5   0.249     ok     -    ok     8080
# [audit ok] sweep 1000: S=2645.5197 matches recompute (drift 4.5e-13)
  1000    4594    1986   2.77   2.56      5   0.230     ok    ok    ok     8234
  1020    4560    1968   2.65   2.67      5   0.247     ok     -    ok     8367
# [audit ok] sweep 1025: S=2554.4906 matches recompute (drift 4.5e-13)
  1040    4502    1964   2.59   2.75      5   0.214     ok     -    ok     8502
# [audit ok] sweep 1050: S=2616.7901 matches recompute (drift 4.5e-13)
  1060    4476    1958   2.71   2.60      5   0.368     ok     -    ok     8634
# [audit ok] sweep 1075: S=2566.6475 matches recompute (drift 4.5e-13)
  1080    4470    1962   2.70   2.72      5   0.389     ok     -    ok     8771
# [audit ok] sweep 1100: S=2504.3596 matches recompute (drift 4.5e-13)
  1100    4460    1964   2.62   2.67      5   0.329     ok     -    ok     8904
  1120    4508    1974   2.74   2.82      4   0.337     ok     -    ok     9036
# [audit ok] sweep 1125: S=2556.6293 matches recompute (drift 9.1e-13)
  1140    4496    1986   2.64   2.66      5   0.359     ok     -    ok     9169
# [audit ok] sweep 1150: S=2545.2623 matches recompute (drift 0.0e+00)
  1160    4536    1984   2.70   2.76      6   0.388     ok     -    ok     9303
# [audit ok] sweep 1175: S=2507.7846 matches recompute (drift 0.0e+00)
  1180    4470    1970   2.75   2.44      5   0.357     ok     -    ok     9434
# [audit ok] sweep 1200: S=2651.1541 matches recompute (drift 4.5e-13)
  1200    4596    1998   2.85   2.45      5   0.397     ok    ok    ok     9584
  1220    4556    1976   2.69   2.53      6   0.216     ok     -    ok     9719
# [audit ok] sweep 1225: S=2555.0748 matches recompute (drift 0.0e+00)
  1240    4580    1976   2.72   2.53      5   0.241     ok     -    ok     9850
# [audit ok] sweep 1250: S=2519.2069 matches recompute (drift 0.0e+00)
  1260    4542    1980   2.58   2.59      6   0.302     ok     -    ok     9983
# [audit ok] sweep 1275: S=2610.9606 matches recompute (drift 0.0e+00)
  1280    4556    1988   2.75   2.56      5   0.232     ok     -    ok    10117
# [audit ok] sweep 1300: S=2501.9067 matches recompute (drift 4.5e-13)
  1300    4466    2002   2.68   2.43      6   0.211     ok     -    ok    10249
  1320    4468    1972   2.71   2.60      6   0.219     ok     -    ok    10380
# [audit ok] sweep 1325: S=2542.4860 matches recompute (drift 4.5e-13)
  1340    4476    1970   2.81   2.53      6   0.178     ok     -    ok    10512
# [audit ok] sweep 1350: S=2510.9027 matches recompute (drift 0.0e+00)
  1360    4536    1986   2.77   2.48      6   0.224     ok     -    ok    10644
# [audit ok] sweep 1375: S=2541.7002 matches recompute (drift 0.0e+00)
  1380    4514    1990   2.77   2.44      4   0.284     ok     -    ok    10775
# [audit ok] sweep 1400: S=2604.9627 matches recompute (drift 4.5e-13)
  1400    4536    1972   2.73   2.42      4   0.376     ok    ok    ok    10925
  1420    4490    1990   2.68   2.65      5   0.454     ok     -    ok    11055
# [audit ok] sweep 1425: S=2435.9617 matches recompute (drift 4.5e-13)
  1440    4468    1986   2.71   2.76      5   0.419     ok     -    ok    11186
# [audit ok] sweep 1450: S=2417.1410 matches recompute (drift 4.5e-13)
  1460    4410    1986   2.76   2.59      6   0.364     ok     -    ok    11315
# [audit ok] sweep 1475: S=2495.4598 matches recompute (drift 0.0e+00)
  1480    4434    1968   2.63   2.70      5   0.485     ok     -    ok    11446
# [audit ok] sweep 1500: S=2462.0385 matches recompute (drift 4.5e-13)
  1500    4386    1980   2.72   2.72      5   0.499     ok     -    ok    11578
  1520    4378    1974   2.84   2.87      5   0.490     ok     -    ok    11708
# [audit ok] sweep 1525: S=2488.4528 matches recompute (drift 4.5e-13)
  1540    4330    1974   2.73   2.74      5   0.486     ok     -    ok    11838
# [audit ok] sweep 1550: S=2443.1932 matches recompute (drift 0.0e+00)
  1560    4408    1982   2.70   2.57      5   0.461     ok     -    ok    11966
# [audit ok] sweep 1575: S=2473.2491 matches recompute (drift 4.5e-13)
  1580    4414    1976   2.76   2.46      5   0.420     ok     -    ok    12098
# [audit ok] sweep 1600: S=2423.5807 matches recompute (drift 9.1e-13)
  1600    4384    1972   2.75   2.92      4   0.388     ok    ok    ok    12249
  1620    4414    1988   2.60   2.66      4   0.382     ok     -    ok    12378
# [audit ok] sweep 1625: S=2500.6370 matches recompute (drift 4.5e-13)
  1640    4412    1974   2.67   2.72      4   0.388     ok     -    ok    12507
# [audit ok] sweep 1650: S=2511.7108 matches recompute (drift 9.1e-13)
  1660    4434    1970   2.78   2.60      4   0.218     ok     -    ok    12640
# [audit ok] sweep 1675: S=2605.4121 matches recompute (drift 0.0e+00)
  1680    4418    1962   2.65   2.53      5   0.212     ok     -    ok    12778
# [audit ok] sweep 1700: S=2348.2993 matches recompute (drift 0.0e+00)
  1700    4310    1976   2.54   2.46      5   0.371     ok     -    ok    12909
  1720    4270    1954   2.66   2.73      4   0.222     ok     -    ok    13039
# [audit ok] sweep 1725: S=2399.1899 matches recompute (drift 4.5e-13)
  1740    4388    1980   2.59   2.59      4   0.225     ok     -    ok    13169
# [audit ok] sweep 1750: S=2513.5005 matches recompute (drift 4.5e-13)
  1760    4354    1978   2.61   2.86      4   0.204     ok     -    ok    13299
# [audit ok] sweep 1775: S=2412.1397 matches recompute (drift 9.1e-13)
  1780    4362    1958   2.56   2.50      5   0.239     ok     -    ok    13430
# [audit ok] sweep 1800: S=2478.7642 matches recompute (drift 9.1e-13)
  1800    4388    1978   2.72   2.49      5   0.268     ok    ok    ok    13579
  1820    4416    1980   2.71   2.70      5   0.244     ok     -    ok    13708
# [audit ok] sweep 1825: S=2575.5364 matches recompute (drift 0.0e+00)
  1840    4382    1964   2.70   2.80      4   0.282     ok     -    ok    13840
# [audit ok] sweep 1850: S=2456.1804 matches recompute (drift 0.0e+00)
  1860    4398    1968   2.64   2.57      6   0.329     ok     -    ok    13969
# [audit ok] sweep 1875: S=2469.1525 matches recompute (drift 4.5e-13)
  1880    4438    1970   2.68   2.73      5   0.270     ok     -    ok    14099
# [audit ok] sweep 1900: S=2551.9298 matches recompute (drift 4.5e-13)
  1900    4470    1978   2.69   2.59      5   0.289     ok     -    ok    14231
  1920    4414    1964   2.74   2.64      5   0.272     ok     -    ok    14363
# [audit ok] sweep 1925: S=2422.8936 matches recompute (drift 4.5e-13)
  1940    4364    2004   2.70   2.49      5   0.249     ok     -    ok    14498
# [audit ok] sweep 1950: S=2437.9386 matches recompute (drift 0.0e+00)
  1960    4316    1964   2.71   2.56      5   0.292     ok     -    ok    14629
# [audit ok] sweep 1975: S=2421.2122 matches recompute (drift 0.0e+00)
  1980    4378    1994   2.65   2.50      5   0.389     ok     -    ok    14762
# [audit ok] sweep 2000: S=2440.8521 matches recompute (drift 0.0e+00)
  2000    4334    1970   2.45   2.57      5   0.366     ok    ok    ok    14911
  2020    4344    1972   2.56   2.48      6   0.280     ok     -    ok    15042
# [audit ok] sweep 2025: S=2384.0730 matches recompute (drift 4.5e-13)
  2040    4360    1980   2.66   2.86      4   0.312     ok     -    ok    15174
# [audit ok] sweep 2050: S=2430.0155 matches recompute (drift 0.0e+00)
  2060    4392    1978   2.68   2.69      5   0.328     ok     -    ok    15305
# [audit ok] sweep 2075: S=2429.3572 matches recompute (drift 4.5e-13)
  2080    4340    1984   2.67   2.81      4   0.289     ok     -    ok    15437
# [audit ok] sweep 2100: S=2432.8365 matches recompute (drift 0.0e+00)
  2100    4350    1974   2.72   3.14      4   0.260     ok     -    ok    15568
  2120    4390    1976   2.74   2.83      4   0.382     ok     -    ok    15702
# [audit ok] sweep 2125: S=2473.0185 matches recompute (drift 9.1e-13)
  2140    4426    1958   2.76   2.75      5   0.348     ok     -    ok    15835
# [audit ok] sweep 2150: S=2534.5919 matches recompute (drift 9.1e-13)
  2160    4442    1962   2.78   2.77      4   0.415     ok     -    ok    15969
# [audit ok] sweep 2175: S=2504.3830 matches recompute (drift 0.0e+00)
  2180    4442    1988   2.74   2.85      4   0.308     ok     -    ok    16102
# [audit ok] sweep 2200: S=2447.1956 matches recompute (drift 0.0e+00)
  2200    4472    1978   2.67   2.70      4   0.279     ok    ok    ok    16252
  2220    4384    2004   2.69   2.81      4   0.444     ok     -    ok    16379
# [audit ok] sweep 2225: S=2356.3672 matches recompute (drift 4.5e-13)
  2240    4414    1976   2.71   2.61      4   0.381     ok     -    ok    16473
# [audit ok] sweep 2250: S=2510.6357 matches recompute (drift 4.5e-13)
  2260    4408    1970   2.73   2.58      5   0.282     ok     -    ok    16534
# [audit ok] sweep 2275: S=2409.7170 matches recompute (drift 4.5e-13)
  2280    4408    1978   2.69   2.43      5   0.332     ok     -    ok    16592
# [audit ok] sweep 2300: S=2521.0702 matches recompute (drift 0.0e+00)
  2300    4494    1986   2.71   2.50      5   0.348     ok     -    ok    16650
  2320    4494    1970   2.80   2.63      5   0.345     ok     -    ok    16708
# [audit ok] sweep 2325: S=2545.9311 matches recompute (drift 9.1e-13)
  2340    4574    1984   2.67   2.39      6   0.236     ok     -    ok    16765
# [audit ok] sweep 2350: S=2604.3574 matches recompute (drift 4.5e-13)
  2360    4530    1972   2.75   2.42      5   0.268     ok     -    ok    16821
# [audit ok] sweep 2375: S=2602.8834 matches recompute (drift 4.5e-13)
  2380    4544    1998   2.73   2.77      4   0.226     ok     -    ok    16876
# [audit ok] sweep 2400: S=2532.3560 matches recompute (drift 0.0e+00)
  2400    4540    2018   2.77   2.55      4   0.292     ok    ok    ok    16939
  2420    4534    1976   2.75   2.80      5   0.284     ok     -    ok    16988
# [audit ok] sweep 2425: S=2583.5684 matches recompute (drift 0.0e+00)
  2440    4552    1982   2.77   2.76      5   0.282     ok     -    ok    17034
# [audit ok] sweep 2450: S=2605.1936 matches recompute (drift 0.0e+00)
  2460    4590    1968   2.76   2.76      5   0.287     ok     -    ok    17080
# [audit ok] sweep 2475: S=2581.0884 matches recompute (drift 0.0e+00)
  2480    4552    1990   2.69   2.77      4   0.215     ok     -    ok    17120
# [audit ok] sweep 2500: S=2498.1913 matches recompute (drift 4.5e-13)
  2500    4476    1976   2.74   2.77      5   0.270     ok     -    ok    17150
# FINAL verify: ok=True  gluing_ok=True  links=0  simplicial=True  chi=0  n_tets=11190 (expect 11190)  connected=True
# FINAL foliation: slice-triangle incidence {2: 1976} (all-2 = closed 3-manifold slices)  same-side tets=0  => CLEAN (standard CDT ensemble)

================================================================
  WITH-THEORY (CLOSURE) RESULT -- compare to bare + placebo arms
================================================================
  beta=1.0  eta=0.0298668  lambda_inj=3.0  placebo=False  mu=2.513776293318175
  manifold check: PASS  [links=0]   foliation: CLEAN
  final N4=4476  N41=1976
  d_H = 2.74   rails: 2t=1.89 3t=2.59 4t=3.00
  blob score = 2.77   active slices = 5/16   max slice = 342
  cos^3 fit: width=3.2  rel.RMS err=0.270
  closure term: <E>/tet=1.7345  std=0.7978  tets with label collision: 0.080  (n_tets=988)
  (read against the beta=0 control and the --placebo arm at the same beta; only a real-vs-placebo difference is closure physics.)
