# phase grid: 24 points to run (N41=10000, K=80, 400 sweeps, jobs=4)
  k0=1 D=0.2: blob=6.779 active=6 slicecorr=-0.075 d_H=2.361 maxfrac=0.0847 pin=-0.22 foliation=CLEAN (606s)
  k0=1 D=0.4: blob=4.02 active=12 slicecorr=0.199 d_H=2.411 maxfrac=0.0503 pin=-0.26 foliation=CLEAN (615s)
  k0=1 D=0.6: blob=3.148 active=20 slicecorr=0.022 d_H=2.322 maxfrac=0.0394 pin=-0.28 foliation=CLEAN (629s)
  k0=1 D=0.8: blob=2.877 active=21 slicecorr=0.054 d_H=2.294 maxfrac=0.036 pin=-0.316 foliation=CLEAN (630s)
  k0=1.5 D=0.2: blob=6.363 active=10 slicecorr=0.093 d_H=2.071 maxfrac=0.0795 pin=-0.184 foliation=CLEAN (668s)
  k0=1.5 D=0.8: blob=2.799 active=22 slicecorr=0.101 d_H=2.236 maxfrac=0.035 pin=-0.224 foliation=CLEAN (702s)
  k0=1.5 D=0.6: blob=3.221 active=18 slicecorr=0.265 d_H=2.391 maxfrac=0.0403 pin=-0.132 foliation=CLEAN (703s)
  k0=1.5 D=0.4: blob=4.162 active=11 slicecorr=0.269 d_H=2.358 maxfrac=0.052 pin=-0.164 foliation=CLEAN (738s)
  k0=2 D=0.2: blob=3.133 active=18 slicecorr=-0.001 d_H=1.84 maxfrac=0.0392 pin=-0.084 foliation=CLEAN (673s)
  k0=2 D=0.4: blob=3.424 active=17 slicecorr=-0.031 d_H=2.335 maxfrac=0.0428 pin=-0.092 foliation=CLEAN (683s)
  k0=2 D=0.6: blob=3.405 active=15 slicecorr=-0.036 d_H=2.334 maxfrac=0.0426 pin=-0.168 foliation=CLEAN (691s)
  k0=2 D=0.8: blob=3.556 active=16 slicecorr=0.25 d_H=2.407 maxfrac=0.0444 pin=-0.112 foliation=CLEAN (768s)
  k0=2.5 D=0.2: blob=3.107 active=18 slicecorr=0.164 d_H=1.487 maxfrac=0.0388 pin=-0.12 foliation=CLEAN (649s)
  k0=2.5 D=0.4: blob=3.485 active=12 slicecorr=-0.01 d_H=1.859 maxfrac=0.0436 pin=-0.076 foliation=CLEAN (647s)
  k0=2.5 D=0.6: blob=3.815 active=16 slicecorr=0.291 d_H=2.292 maxfrac=0.0477 pin=-0.036 foliation=CLEAN (656s)
  k0=2.5 D=0.8: blob=2.738 active=22 slicecorr=-0.187 d_H=2.384 maxfrac=0.0342 pin=-0.128 foliation=CLEAN (743s)
  k0=3 D=0.2: blob=3.1 active=19 slicecorr=-0.081 d_H=2.346 maxfrac=0.0388 pin=0.024 foliation=CLEAN (587s)
  k0=3 D=0.4: blob=2.55 active=20 slicecorr=0.092 d_H=1.497 maxfrac=0.0319 pin=0.08 foliation=CLEAN (585s)
  k0=3 D=0.6: blob=2.834 active=21 slicecorr=-0.106 d_H=2.326 maxfrac=0.0354 pin=-0.016 foliation=CLEAN (590s)
  k0=3 D=0.8: blob=3.93 active=13 slicecorr=0.124 d_H=2.377 maxfrac=0.0491 pin=-0.052 foliation=CLEAN (653s)
  k0=3.5 D=0.2: blob=3.314 active=18 slicecorr=0.008 d_H=2.292 maxfrac=0.0414 pin=0.084 foliation=CLEAN (586s)
  k0=3.5 D=0.4: blob=3.112 active=17 slicecorr=-0.126 d_H=1.565 maxfrac=0.0389 pin=0.156 foliation=CLEAN (583s)
  k0=3.5 D=0.6: blob=4.905 active=6 slicecorr=0.184 d_H=1.697 maxfrac=0.0613 pin=0.092 foliation=CLEAN (598s)
  k0=3.5 D=0.8: blob=3.534 active=12 slicecorr=0.227 d_H=2.309 maxfrac=0.0442 pin=0.104 foliation=CLEAN (670s)
# done -> grid10k.csv   (render: python phase_grid.py --plot grid10k.csv)
# REMEMBER: a good-looking point is only a CANDIDATE until the volume-pair check passes (blob must RISE with volume).
