# phase grid: 24 points to run (N41=10000, K=80, 400 sweeps, jobs=2)
  k0=1 D=0.2: blob=2.284 active=21 slicecorr=0.124 d_H=2.674 maxfrac=0.0286 pin=0.172 foliation=CLEAN (1339s)
  k0=1 D=0.4: blob=1.983 active=23 slicecorr=0.372 d_H=2.772 maxfrac=0.0248 pin=0.176 foliation=CLEAN (1373s)
  k0=1 D=0.6: blob=2.273 active=19 slicecorr=0.23 d_H=2.784 maxfrac=0.0284 pin=0.276 foliation=CLEAN (1285s)
  k0=1 D=0.8: blob=1.801 active=26 slicecorr=0.274 d_H=2.796 maxfrac=0.0225 pin=0.26 foliation=CLEAN (1307s)
  k0=1.5 D=0.2: blob=2.816 active=20 slicecorr=0.322 d_H=2.685 maxfrac=0.0352 pin=0.112 foliation=CLEAN (1131s)
  k0=1.5 D=0.4: blob=2.05 active=19 slicecorr=0.349 d_H=2.77 maxfrac=0.0256 pin=0.288 foliation=CLEAN (1231s)
  k0=1.5 D=0.6: blob=2.113 active=28 slicecorr=0.342 d_H=2.687 maxfrac=0.0264 pin=0.144 foliation=CLEAN (1201s)
  k0=1.5 D=0.8: blob=2.421 active=16 slicecorr=0.338 d_H=2.84 maxfrac=0.0303 pin=0.352 foliation=CLEAN (1253s)
  k0=2 D=0.2: blob=3.091 active=15 slicecorr=0.324 d_H=2.556 maxfrac=0.0386 pin=0.084 foliation=CLEAN (1071s)
  k0=2 D=0.4: blob=2.775 active=12 slicecorr=0.479 d_H=2.557 maxfrac=0.0347 pin=0.18 foliation=CLEAN (1161s)
  k0=2 D=0.6: blob=2.035 active=23 slicecorr=0.236 d_H=2.71 maxfrac=0.0254 pin=0.284 foliation=CLEAN (1203s)
  k0=2 D=0.8: blob=1.979 active=24 slicecorr=0.318 d_H=2.668 maxfrac=0.0247 pin=0.212 foliation=CLEAN (1134s)
  k0=2.5 D=0.2: blob=2.183 active=19 slicecorr=0.243 d_H=2.603 maxfrac=0.0273 pin=0.228 foliation=CLEAN (1064s)
  k0=2.5 D=0.4: blob=2.368 active=23 slicecorr=0.191 d_H=2.499 maxfrac=0.0296 pin=0.004 foliation=CLEAN (1038s)
  k0=2.5 D=0.6: blob=2.762 active=12 slicecorr=0.072 d_H=2.617 maxfrac=0.0345 pin=0.04 foliation=CLEAN (1084s)
  k0=2.5 D=0.8: blob=2.214 active=19 slicecorr=0.28 d_H=2.628 maxfrac=0.0277 pin=-0.052 foliation=CLEAN (1071s)
  k0=3 D=0.2: blob=2.452 active=22 slicecorr=0.271 d_H=2.375 maxfrac=0.0307 pin=0.096 foliation=CLEAN (958s)
  k0=3 D=0.4: blob=3.618 active=15 slicecorr=0.196 d_H=2.285 maxfrac=0.0452 pin=-0.012 foliation=CLEAN (964s)
  k0=3 D=0.6: blob=2.967 active=13 slicecorr=0.163 d_H=2.391 maxfrac=0.0371 pin=0.06 foliation=CLEAN (990s)
  k0=3 D=0.8: blob=2.1 active=24 slicecorr=0.224 d_H=2.654 maxfrac=0.0263 pin=0.264 foliation=CLEAN (1080s)
  k0=3.5 D=0.2: blob=2.998 active=21 slicecorr=0.007 d_H=1.415 maxfrac=0.0375 pin=-0.04 foliation=CLEAN (923s)
  k0=3.5 D=0.4: blob=2.726 active=21 slicecorr=0.033 d_H=1.437 maxfrac=0.0341 pin=0.072 foliation=CLEAN (956s)
  k0=3.5 D=0.6: blob=2.945 active=18 slicecorr=0.013 d_H=1.642 maxfrac=0.0368 pin=0.1 foliation=CLEAN (961s)
  k0=3.5 D=0.8: blob=2.426 active=25 slicecorr=0.239 d_H=1.814 maxfrac=0.0303 pin=0.052 foliation=CLEAN (968s)
# done -> grid10k_tuned.csv   (render: python phase_grid.py --plot grid10k_tuned.csv)
# REMEMBER: a good-looking point is only a CANDIDATE until the volume-pair check passes (blob must RISE with volume).
