# v6 run [bare-Regge (verification)]  target N41=20000  K=40  (k0=2.2, D=0.6, k4=0.9, eps=0.0001)
 sweep      N4     N41    d_H   blob active cos3err  valid links slice   wall_s
    50   20040   19248   1.95   3.42     10   0.743     ok     -    ok      112
   100   20564   19448   1.97   3.74      7   0.739     ok     -    ok      276
   150   20552   19154   2.02   3.75     10   0.878     ok     -    ok      495
   200   21154   19358   2.29   4.51      5   0.814     ok     -    ok      720
   250   21434   19312   1.82   4.49      7   0.825     ok     -    ok      877
   300   22008   19450   1.95   3.26      8   0.765     ok     -    ok     1072
   350   22294   19374   1.89   4.87      5   0.765     ok     -    ok     1250
   400   22572   19280   1.95   4.39      4   0.781     ok     -    ok     1406
   450   23232   19438   1.93   3.58      3   0.813     ok     -    ok     1574
   500   23830   19316   1.88   2.82      7   0.891     ok    ok    ok     1751
   550   24434   19288   1.84   2.99      8   0.741     ok     -    ok     1904
   600   24962   19230   1.93   2.85     11   0.694     ok     -    ok     2059
   650   25628   19312   2.14   2.26     11   0.661     ok     -    ok     2215
   700   26478   19448   2.68   2.37     13   0.685     ok     -    ok     2376
   750   27160   19366   2.73   2.49      9   0.773     ok     -    ok     2540
   800   27932   19498   2.74   2.59      7   0.800     ok     -    ok     2708
   850   28494   19498   2.82   2.24     10   0.677     ok     -    ok     2878
   900   29326   19478   2.78   2.18      6   0.820     ok     -    ok     3052
   950   30020   19458   2.02   2.59      7   0.800     ok     -    ok     3229
  1000   30816   19530   2.89   2.09      8   0.685     ok    ok    ok     3448
  1050   31802   19638   2.85   2.06     10   0.693     ok     -    ok     3631
  1100   32370   19566   2.88   1.95     12   0.693     ok     -    ok     3825
  1150   33120   19540   2.81   1.77     14   0.687     ok     -    ok     4014
  1200   34000   19774   2.98   1.99     14   0.694     ok     -    ok     4204
  1250   34610   19730   2.90   1.84     15   0.705     ok     -    ok     4402
  1300   35194   19654   2.94   1.80     13   0.709     ok     -    ok     4599
  1350   35726   19698   2.96   1.80     10   0.694     ok     -    ok     4842
  1400   36446   19724   2.94   1.86     12   0.703     ok     -    ok     5047
  1450   36974   19772   2.95   1.84     11   0.709     ok     -    ok     5254
  1500   37652   19878   2.97   2.07      9   0.721     ok    ok    ok     5507
  1550   37636   19726   2.88   1.87     11   0.903     ok     -    ok     5716
  1600   38362   19846   2.98   1.84     12   0.888     ok     -    ok     5926
  1650   38748   19866   2.98   1.82     11   0.892     ok     -    ok     6138
  1700   38874   19868   2.93   1.75     11   0.724     ok     -    ok     6350
  1750   39276   19802   2.98   1.65     12   0.686     ok     -    ok     6563
  1800   39342   19850   2.99   1.76     11   0.691     ok     -    ok     6777
  1850   39532   19892   2.99   1.97     11   0.693     ok     -    ok     6994
  1900   39712   19856   3.06   1.98      9   0.724     ok     -    ok     7209
  1950   40094   19912   3.04   1.96     11   0.718     ok     -    ok     7427
  2000   40352   19916   3.05   2.06     11   0.740     ok    ok    ok     7775
  2050   40844   19912   3.05   1.70     10   0.701     ok     -    ok     8046
  2100   40940   19876   3.00   1.78     10   0.704     ok     -    ok     8291
  2150   41002   19952   3.05   1.69     11   0.761     ok     -    ok     8578
  2200   41238   19936   3.06   1.75      8   0.881     ok     -    ok     8799
  2250   41576   19978   2.99   1.75     11   0.732     ok     -    ok     9021
  2300   42092   19966   3.03   1.75     10   0.740     ok     -    ok     9245
  2350   42240   20006   3.06   1.67      9   0.888     ok     -    ok     9470
  2400   42330   19960   3.04   1.68      9   0.729     ok     -    ok     9732
  2450   42800   20014   3.09   1.85     11   0.735     ok     -    ok     9969
  2500   42882   20098   3.04   1.87      8   0.735     ok    ok    ok    10311
  2550   43050   20056   3.08   1.81     10   0.709     ok     -    ok    10569
  2600   43388   20012   2.96   1.66     10   0.690     ok     -    ok    10801
  2650   43586   20072   3.02   1.69     12   0.652     ok     -    ok    11034
  2700   43948   20182   3.10   1.65      9   0.656     ok     -    ok    11265
  2750   43902   20134   3.12   1.67     12   0.735     ok     -    ok    11499
  2800   44040   20070   3.04   1.80     11   0.666     ok     -    ok    11729
  2850   43938   20056   3.04   1.75     10   0.682     ok     -    ok    11960
  2900   43940   20162   3.04   1.73     14   0.648     ok     -    ok    12191
  2950   43704   20070   3.07   1.63     14   0.716     ok     -    ok    12421
  3000   43786   20110   3.09   1.68     11   0.688     ok    ok    ok    12709
  3050   43550   19910   3.10   1.63     13   0.668     ok     -    ok    12938
  3100   43622   20032   3.07   1.61     10   0.719     ok     -    ok    13170
  3150   44162   20064   3.09   1.71     13   0.682     ok     -    ok    13401
  3200   44186   20106   3.12   1.77     10   0.708     ok     -    ok    13632
  3250   44584   20210   3.07   1.68     10   0.689     ok     -    ok    13863
  3300   44516   20152   3.06   1.61     11   0.734     ok     -    ok    14091
  3350   44584   20092   3.07   1.73     10   0.871     ok     -    ok    14311
  3400   44350   20020   3.08   1.71     10   0.669     ok     -    ok    14538
  3450   44544   20080   3.01   1.72     10   0.860     ok     -    ok    14757
  3500   44604   20114   3.09   1.58     12   0.687     ok    ok    ok    15031
  3550   44366   20036   3.06   1.47     11   0.668     ok     -    ok    15250
  3600   44834   20132   3.10   1.57     15   0.709     ok     -    ok    15475
  3650   44968   20064   3.08   1.62     14   0.861     ok     -    ok    15695
  3700   44992   20096   3.04   1.56     12   0.680     ok     -    ok    15916
  3750   45246   20080   3.10   1.61     13   0.721     ok     -    ok    16137
  3800   45150   20120   3.11   1.72     11   0.672     ok     -    ok    16360
  3850   45096   20236   3.10   1.76     12   0.727     ok     -    ok    16584
  3900   45254   20120   3.10   1.59     13   0.710     ok     -    ok    16805
  3950   45058   20102   3.10   1.62     10   0.856     ok     -    ok    17027
  4000   45176   20226   3.13   1.60     12   0.860     ok    ok    ok    17303
  4050   45064   20054   3.02   1.66     12   0.824     ok     -    ok    17527
  4100   45296   20100   3.07   1.52     15   0.831     ok     -    ok    17748
  4150   45188   20118   3.09   1.53     15   0.829     ok     -    ok    17969
  4200   45440   20150   3.10   1.57     14   0.846     ok     -    ok    18191
  4250   45678   20056   3.06   1.73     14   0.826     ok     -    ok    18415
  4300   45746   20238   3.10   1.55     11   0.741     ok     -    ok    18638
  4350   46000   20056   3.09   1.58     12   0.827     ok     -    ok    18863
  4400   46156   20220   3.10   1.50     13   0.684     ok     -    ok    19089
  4450   45758   20136   3.10   1.55     10   0.730     ok     -    ok    19313
  4500   45764   20152   3.10   1.54     12   0.701     ok    ok    ok    19590
  4550   46174   20306   3.12   1.54     13   0.715     ok     -    ok    19816
  4600   46028   20198   3.12   1.66     12   0.715     ok     -    ok    20041
  4650   46036   20110   3.07   1.65     12   0.682     ok     -    ok    20269
  4700   45760   20024   3.08   1.58     11   0.671     ok     -    ok    20493
  4750   46188   20136   3.08   1.78      7   0.809     ok     -    ok    20718
  4800   46302   20060   3.17   1.65     11   0.671     ok     -    ok    20943
  4850   46222   20074   3.13   1.72     10   0.660     ok     -    ok    21218
  4900   46478   20210   3.10   1.52     12   0.674     ok     -    ok    21460
  4950   46180   20164   3.08   1.58     11   0.678     ok     -    ok    21685
  5000   46006   20118   3.10   1.51     10   0.688     ok    ok    ok    21967
  5050   46102   20170   3.09   1.60     12   0.684     ok     -    ok    22193
  5100   45930   20138   3.10   1.64     11   0.721     ok     -    ok    22419
  5150   46092   20158   3.13   1.53     12   0.686     ok     -    ok    22643
  5200   46328   20162   3.10   1.55     14   0.723     ok     -    ok    22870
  5250   46226   20256   3.09   1.55     13   0.689     ok     -    ok    23094
  5300   45988   20158   3.11   1.50     13   0.636     ok     -    ok    23319
  5350   45802   20122   3.09   1.59     11   0.689     ok     -    ok    23542
  5400   46370   20084   3.03   1.51     11   0.683     ok     -    ok    23766
  5450   46354   20202   3.12   1.57     11   0.714     ok     -    ok    24001
  5500   46360   20296   3.07   1.69      9   0.714     ok    ok    ok    24296
  5550   45904   20088   3.09   1.72      8   0.701     ok     -    ok    24531
  5600   46644   20274   3.13   1.74      7   0.761     ok     -    ok    24766
  5650   46492   20268   3.16   1.76     10   0.718     ok     -    ok    25001
  5700   46334   20198   3.07   1.82      9   0.755     ok     -    ok    25236
  5750   46418   20146   3.07   1.78      8   0.762     ok     -    ok    25474
  5800   46640   20170   3.07   1.63     11   0.734     ok     -    ok    25711
  5850   46380   20062   3.07   1.69      8   0.701     ok     -    ok    25951
  5900   46420   20246   3.09   1.72      7   0.766     ok     -    ok    26190
  5950   46546   20202   3.14   1.60     11   0.703     ok     -    ok    26427
  6000   46554   20228   3.09   1.56     11   0.704     ok    ok    ok    26720
  6050   46502   20120   3.04   1.58     10   0.699     ok     -    ok    26956
  6100   46598   20222   3.12   1.54     10   0.679     ok     -    ok    27196
  6150   46380   20212   3.08   1.69      9   0.704     ok     -    ok    27432
  6200   46556   20206   3.10   1.71     10   0.671     ok     -    ok    27668
  6250   46518   20168   3.08   1.59     11   0.677     ok     -    ok    27905
  6300   46828   20214   3.14   1.57      9   0.646     ok     -    ok    28141
  6350   46428   20234   3.10   1.62     11   0.666     ok     -    ok    28379
  6400   46504   20160   3.12   1.60     11   0.664     ok     -    ok    28616
  6450   46724   20228   3.08   1.58      9   0.625     ok     -    ok    28851
  6500   46492   20116   3.08   1.52     11   0.655     ok    ok    ok    29145
  6550   46648   20220   3.12   1.48     11   0.650     ok     -    ok    29386
  6600   46678   20236   3.08   1.47     11   0.663     ok     -    ok    29634
  6650   46892   20178   3.18   1.53     11   0.667     ok     -    ok    29872
  6700   47106   20286   3.17   1.54     11   0.682     ok     -    ok    30108
  6750   47062   20272   3.11   1.62     12   0.704     ok     -    ok    30344
  6800   46968   20250   3.10   1.52     13   0.695     ok     -    ok    30583
  6850   46972   20224   3.13   1.47     10   0.671     ok     -    ok    30819
  6900   47134   20106   3.10   1.52     14   0.654     ok     -    ok    31057
  6950   47428   20164   3.10   1.46     14   0.635     ok     -    ok    31295
  7000   47456   20232   3.08   1.43     12   0.646     ok    ok    ok    31590
  7050   47596   20214   3.10   1.54     10   0.678     ok     -    ok    31829
  7100   47300   20216   3.18   1.45     12   0.688     ok     -    ok    32069
  7150   47244   20190   3.09   1.42     14   0.677     ok     -    ok    32307
  7200   47240   20120   3.11   1.63     10   0.684     ok     -    ok    32544
  7250   46872   20188   3.14   1.48     13   0.688     ok     -    ok    32782
  7300   47142   20152   3.09   1.52     11   0.668     ok     -    ok    33019
  7350   47206   20356   3.14   1.67      9   0.707     ok     -    ok    33257
  7400   47112   20180   3.10   1.68      8   0.722     ok     -    ok    33495
  7450   47320   20194   3.10   1.77      9   0.730     ok     -    ok    33734
  7500   47352   20266   3.11   1.58     11   0.716     ok    ok    ok    34054
