# v6 run [bare-Regge (verification)]  target N41=20000  K=80  (k0=2.2, D=0.6, k4=0.9, eps=0.0001)
 sweep      N4     N41    d_H   blob active cos3err  valid links slice   wall_s
    50   20900   19262   1.80   3.76     18   0.754     ok     -    ok      118
   100   21524   19284   2.15   3.56     20   0.767     ok     -    ok      272
   150   22254   19388   1.88   3.88     16   0.751     ok     -    ok      428
   200   22746   19432   2.05   4.05     19   0.780     ok     -    ok      614
   250   23426   19360   2.08   3.42     21   0.756     ok     -    ok      770
   300   23998   19256   1.72   2.94     18   0.734     ok     -    ok      928
   350   24782   19346   2.46   2.42     25   0.710     ok     -    ok     1077
   400   25698   19490   2.56   2.96     21   0.720     ok     -    ok     1228
   450   26380   19408   1.61   3.58     14   0.887     ok     -    ok     1383
   500   26958   19400   2.45   2.28     24   0.687     ok    ok    ok     1572
   550   28144   19394   2.57   2.54     19   0.726     ok     -    ok     1736
   600   28872   19478   2.57   3.19     11   0.893     ok     -    ok     1904
   650   29738   19514   2.62   2.47     24   0.744     ok     -    ok     2074
   700   30570   19506   2.53   2.08     22   0.699     ok     -    ok     2248
   750   31368   19504   2.66   2.57     20   0.724     ok     -    ok     2427
   800   32232   19532   2.61   2.30     20   0.703     ok     -    ok     2610
   850   33118   19606   2.59   2.24     18   0.687     ok     -    ok     2796
   900   34164   19670   2.74   2.19     25   0.709     ok     -    ok     2985
   950   35150   19850   2.72   2.03     23   0.667     ok     -    ok     3178
  1000   35758   19792   2.81   2.15     18   0.656     ok    ok    ok     3415
  1050   36134   19784   2.78   2.26     19   0.701     ok     -    ok     3611
  1100   36436   19690   2.81   2.09     22   0.695     ok     -    ok     3810
  1150   36998   19720   2.79   2.16     20   0.675     ok     -    ok     4010
  1200   37436   19706   2.74   1.88     25   0.679     ok     -    ok     4212
  1250   38334   19914   2.78   2.06     20   0.670     ok     -    ok     4416
  1300   38528   19918   2.77   2.14     27   0.682     ok     -    ok     4626
  1350   38710   19778   2.78   2.18     21   0.687     ok     -    ok     4889
  1400   39440   19860   2.68   1.95     26   0.669     ok     -    ok     5133
  1450   39860   19954   2.81   1.96     24   0.672     ok     -    ok     5372
  1500   40086   19936   2.83   2.04     24   0.685     ok    ok    ok     5617
  1550   40628   19982   2.80   1.94     23   0.684     ok     -    ok     5817
  1600   40878   20026   2.79   1.99     23   0.684     ok     -    ok     6019
  1650   40974   19954   2.80   1.87     21   0.675     ok     -    ok     6223
  1700   41386   20034   2.84   2.15     16   0.680     ok     -    ok     6428
  1750   41580   19986   2.83   1.96     22   0.689     ok     -    ok     6634
  1800   41920   19910   2.91   2.13     22   0.700     ok     -    ok     6843
  1850   42290   19996   2.81   2.31     19   0.697     ok     -    ok     7052
  1900   42376   20124   2.85   2.01     27   0.699     ok     -    ok     7263
  1950   42350   19840   2.92   2.02     26   0.701     ok     -    ok     7472
  2000   42436   19980   2.86   2.33     18   0.702     ok    ok    ok     7733
  2050   42602   19910   2.84   1.99     23   0.693     ok     -    ok     7944
  2100   42888   20082   2.75   1.97     24   0.687     ok     -    ok     8154
  2150   43108   20068   2.81   2.04     20   0.682     ok     -    ok     8366
  2200   42958   20098   2.84   2.10     23   0.694     ok     -    ok     8578
  2250   43500   20036   2.81   1.97     25   0.692     ok     -    ok     8789
  2300   43924   20106   2.86   1.97     27   0.697     ok     -    ok     9001
  2350   43770   20172   2.88   1.94     23   0.693     ok     -    ok     9212
  2400   44210   20166   2.88   1.83     25   0.665     ok     -    ok     9421
  2450   44508   20212   2.83   1.88     27   0.680     ok     -    ok     9634
  2500   43914   19914   2.82   1.98     19   0.690     ok    ok    ok     9896
  2550   44450   20106   2.84   1.97     22   0.687     ok     -    ok    10110
  2600   44660   20198   2.81   1.81     25   0.684     ok     -    ok    10324
  2650   44512   20008   2.87   1.93     22   0.666     ok     -    ok    10538
  2700   44620   20046   2.88   2.16     20   0.688     ok     -    ok    10753
  2750   44742   20138   2.87   1.78     22   0.677     ok     -    ok    10968
  2800   44760   20094   2.82   1.76     30   0.674     ok     -    ok    11182
  2850   44888   20174   2.92   2.09     17   0.697     ok     -    ok    11396
  2900   44724   20088   2.87   2.01     24   0.707     ok     -    ok    11610
  2950   44524   20188   2.86   2.09     24   0.687     ok     -    ok    11826
  3000   44486   20058   2.92   1.95     26   0.711     ok    ok    ok    12091
  3050   44454   20182   2.88   2.05     26   0.690     ok     -    ok    12304
  3100   44440   20138   2.92   2.09     19   0.691     ok     -    ok    12518
  3150   44452   20054   2.92   1.96     27   0.687     ok     -    ok    12732
  3200   45054   20150   2.88   1.96     23   0.693     ok     -    ok    12948
  3250   44584   20066   2.88   2.03     24   0.688     ok     -    ok    13166
  3300   44598   20174   2.94   2.04     23   0.703     ok     -    ok    13381
  3350   44802   20038   2.80   2.08     20   0.686     ok     -    ok    13598
  3400   44728   20062   2.88   1.99     24   0.698     ok     -    ok    13814
  3450   45090   20186   2.87   1.85     26   0.695     ok     -    ok    14032
  3500   45036   20220   2.91   2.16     22   0.690     ok    ok    ok    14300
  3550   45174   20114   2.91   1.98     26   0.690     ok     -    ok    14518
  3600   45322   20052   2.93   2.13     21   0.694     ok     -    ok    14735
  3650   45666   20246   2.88   2.17     23   0.692     ok     -    ok    14954
  3700   46098   20246   2.92   2.21     20   0.698     ok     -    ok    15172
  3750   45800   20174   2.94   2.17     24   0.683     ok     -    ok    15395
  3800   46022   20156   2.94   2.21     19   0.662     ok     -    ok    15614
  3850   46136   20094   2.96   1.98     23   0.665     ok     -    ok    15835
  3900   46260   20106   2.91   2.24     16   0.671     ok     -    ok    16058
  3950   46418   20190   2.92   2.16     17   0.661     ok     -    ok    16280
  4000   46248   20108   2.91   2.10     22   0.667     ok    ok    ok    16554
  4050   46472   20216   2.92   2.11     20   0.672     ok     -    ok    16771
  4100   46220   20194   2.86   2.23     20   0.673     ok     -    ok    16986
  4150   46348   20272   2.90   2.31     16   0.670     ok     -    ok    17206
  4200   46722   20196   2.96   2.15     16   0.689     ok     -    ok    17426
  4250   46532   20230   2.87   2.41     17   0.685     ok     -    ok    17648
  4300   46378   20240   2.89   2.37     17   0.664     ok     -    ok    17870
  4350   46458   20086   2.84   2.27     16   0.666     ok     -    ok    18093
  4400   46378   20102   2.90   2.16     22   0.677     ok     -    ok    18313
  4450   46624   20236   2.93   2.04     20   0.672     ok     -    ok    18538
  4500   46930   20286   2.96   2.33     12   0.903     ok    ok    ok    18816
  4550   46676   20172   2.87   2.19     20   0.695     ok     -    ok    19040
  4600   46484   20120   2.91   2.16     22   0.678     ok     -    ok    19263
  4650   46846   20232   2.87   2.24     19   0.656     ok     -    ok    19486
  4700   47002   20152   2.83   2.21     16   0.716     ok     -    ok    19707
  4750   46858   20224   2.90   2.20     17   0.672     ok     -    ok    19931
  4800   47146   20280   2.92   2.14     17   0.664     ok     -    ok    20156
  4850   46974   20210   2.85   2.30     13   0.665     ok     -    ok    20379
  4900   47014   20192   2.94   2.35     15   0.868     ok     -    ok    20603
  4950   46836   20172   2.94   2.26     19   0.684     ok     -    ok    20827
  5000   47130   20192   2.91   2.27     18   0.667     ok    ok    ok    21105
  5050   47090   20332   2.92   2.27     16   0.651     ok     -    ok    21327
  5100   46658   20220   2.85   2.26     14   0.646     ok     -    ok    21550
  5150   46276   20206   2.90   2.21     18   0.650     ok     -    ok    21771
  5200   46698   20098   2.88   2.34     17   0.625     ok     -    ok    21992
  5250   46626   20126   2.94   2.33     15   0.626     ok     -    ok    22214
  5300   46526   20196   2.88   2.21     15   0.642     ok     -    ok    22436
  5350   46654   20200   2.85   2.38     15   0.639     ok     -    ok    22657
  5400   46530   20160   2.90   2.31     16   0.657     ok     -    ok    22879
  5450   46722   20172   2.82   2.38     14   0.654     ok     -    ok    23101
  5500   46858   20250   2.89   2.18     18   0.667     ok    ok    ok    23380
  5550   46902   20150   2.94   2.32     18   0.657     ok     -    ok    23602
  5600   46660   20192   2.85   2.43     17   0.679     ok     -    ok    23824
  5650   47054   20294   2.90   2.37     17   0.663     ok     -    ok    24048
  5700   46810   20284   2.88   2.29     18   0.679     ok     -    ok    24270
  5750   46888   20272   2.97   2.49     16   0.662     ok     -    ok    24495
  5800   46952   20266   2.83   2.19     19   0.642     ok     -    ok    24721
  5850   46786   20120   2.87   2.41     15   0.645     ok     -    ok    24945
  5900   47052   20234   2.89   2.25     17   0.660     ok     -    ok    25168
  5950   46840   20200   2.86   2.23     17   0.644     ok     -    ok    25390
  6000   47150   20296   2.93   2.25     20   0.653     ok    ok    ok    25670
  6050   46812   20308   2.93   2.31     16   0.913     ok     -    ok    25883
  6100   46554   20194   2.95   2.31     11   0.654     ok     -    ok    26107
  6150   47248   20294   2.92   2.31     16   0.908     ok     -    ok    26330
  6200   47112   20260   2.93   2.21     14   0.654     ok     -    ok    26553
  6250   47266   20252   2.92   2.16     13   0.644     ok     -    ok    26775
  6300   47084   20294   2.95   2.33     16   0.632     ok     -    ok    26998
  6350   46880   20206   2.86   2.09     15   0.634     ok     -    ok    27221
  6400   47016   20220   2.94   2.19     17   0.633     ok     -    ok    27444
  6450   46996   20156   2.90   2.18     17   0.655     ok     -    ok    27669
  6500   47022   20242   2.95   2.28     13   0.638     ok    ok    ok    27948
  6550   47242   20262   2.99   2.29     20   0.643     ok     -    ok    28173
  6600   46936   20190   2.85   2.16     22   0.667     ok     -    ok    28397
  6650   47166   20196   2.90   2.30     18   0.672     ok     -    ok    28621
  6700   46938   20164   2.90   2.09     20   0.664     ok     -    ok    28843
  6750   47528   20240   2.95   2.30     16   0.668     ok     -    ok    29068
  6800   47318   20212   2.91   2.31     16   0.660     ok     -    ok    29294
  6850   47326   20216   2.89   2.13     16   0.651     ok     -    ok    29520
  6900   47360   20254   2.92   2.13     20   0.644     ok     -    ok    29745
  6950   47140   20256   2.88   2.08     19   0.658     ok     -    ok    29970
  7000   47628   20262   2.94   2.10     16   0.623     ok    ok    ok    30250
  7050   47376   20182   2.90   2.18     14   0.660     ok     -    ok    30476
  7100   47584   20186   2.92   2.23     18   0.687     ok     -    ok    30699
  7150   47906   20176   2.95   2.50     12   0.684     ok     -    ok    30924
  7200   47796   20254   2.92   2.29     17   0.688     ok     -    ok    31150
  7250   47576   20200   2.89   2.26     15   0.678     ok     -    ok    31379
  7300   47738   20124   2.90   2.35     14   0.686     ok     -    ok    31607
  7350   47782   20186   2.91   2.43     14   0.683     ok     -    ok    31833
  7400   47954   20276   2.99   2.69     11   0.699     ok     -    ok    32059
  7450   47990   20336   2.91   2.31     14   0.678     ok     -    ok    32285
  7500   48050   20268   2.94   2.27     16   0.659     ok    ok    ok    32568
  7550   47902   20168   2.99   2.35     17   0.690     ok     -    ok    32794
  7600   48296   20342   2.92   2.27     17   0.709     ok     -    ok    33021
  7650   47904   20318   2.88   2.31     13   0.696     ok     -    ok    33246
  7700   47828   20268   2.97   2.63     11   0.793     ok     -    ok    33471
  7750   47672   20250   2.95   2.42     15   0.692     ok     -    ok    33696
  7800   47808   20310   2.98   2.35     14   0.668     ok     -    ok    33922
  7850   47928   20250   2.88   2.61     13   0.699     ok     -    ok    34148
  7900   47984   20260   2.88   2.15     19   0.684     ok     -    ok    34375
  7950   48282   20398   2.96   2.13     18   0.662     ok     -    ok    34602
  8000   48004   20314   2.94   2.25     15   0.694     ok    ok    ok    34886
  8050   47718   20246   2.93   2.21     19   0.675     ok     -    ok    35111
  8100   47550   20202   2.91   2.05     20   0.682     ok     -    ok    35338
  8150   48008   20322   2.91   2.09     19   0.688     ok     -    ok    35595
