# v6 run [bare-Regge (verification)]  target N41=10000  K=80  (k0=2.2, D=0.6, k4=0.9, eps=0.0001)
 sweep      N4     N41    d_H   blob active cos3err  valid links slice   wall_s
    50   10678    9158   1.43   3.77     22   0.751     ok     -    ok       62
   100   11388    9252   1.67   3.46     21   0.765     ok     -    ok      140
   150   12048    9338   1.45   3.77     14   0.762     ok     -    ok      218
   200   12646    9488   2.24   3.56     15   0.749     ok     -    ok      298
   250   13128    9412   1.70   2.53     20   0.695     ok     -    ok      378
   300   13430    9334   2.37   4.20     12   0.768     ok     -    ok      461
   350   13928    9442   2.34   3.39     13   0.774     ok     -    ok      569
   400   14336    9358   2.31   3.21     16   0.712     ok     -    ok      667
   450   14980    9570   2.43   3.11     14   0.731     ok     -    ok      750
   500   15250    9512   2.36   3.25     15   0.710     ok    ok    ok      845
   550   15832    9586   2.44   2.87     14   0.720     ok     -    ok      937
   600   16182    9576   2.43   2.54     17   0.707     ok     -    ok     1021
   650   16864    9684   2.47   2.08     26   0.689     ok     -    ok     1108
   700   17496    9730   2.50   2.34     18   0.710     ok     -    ok     1195
   750   17596    9550   2.49   2.75     16   0.702     ok     -    ok     1285
   800   18192    9814   2.53   2.32     20   0.701     ok     -    ok     1377
   850   18630    9906   2.56   2.29     23   0.705     ok     -    ok     1469
   900   19110    9890   2.52   2.39     15   0.702     ok     -    ok     1564
   950   19512    9910   2.60   2.39     16   0.707     ok     -    ok     1660
  1000   19740    9990   2.61   2.32     19   0.676     ok    ok    ok     1770
  1050   19894    9990   2.57   1.91     22   0.684     ok     -    ok     1867
  1100   19806    9890   2.60   2.38     18   0.699     ok     -    ok     1964
  1150   20226    9960   2.61   2.25     20   0.692     ok     -    ok     2062
  1200   20398    9904   2.60   2.31     18   0.663     ok     -    ok     2162
  1250   20486    9996   2.59   2.32     19   0.673     ok     -    ok     2262
  1300   20754    9992   2.64   2.32     19   0.694     ok     -    ok     2363
  1350   21074   10086   2.64   2.55     12   0.683     ok     -    ok     2464
  1400   21054   10052   2.56   2.24     16   0.701     ok     -    ok     2567
  1450   21280    9980   2.68   2.48     15   0.689     ok     -    ok     2671
  1500   21406    9980   2.69   2.42     13   0.690     ok    ok    ok     2790
  1550   21448   10096   2.72   2.22     17   0.674     ok     -    ok     2895
  1600   21418    9976   2.65   2.29     16   0.688     ok     -    ok     2998
  1650   21584   10020   2.72   2.24     14   0.695     ok     -    ok     3104
  1700   21836   10148   2.55   2.30     18   0.694     ok     -    ok     3209
  1750   22044   10128   2.68   3.02     14   0.745     ok     -    ok     3314
  1800   22124   10156   2.60   2.74     16   0.726     ok     -    ok     3420
  1850   22086   10108   2.65   2.93      8   0.892     ok     -    ok     3525
  1900   22108   10100   2.67   2.66     11   0.875     ok     -    ok     3631
  1950   22156   10042   2.64   2.34     16   0.713     ok     -    ok     3736
  2000   22652   10088   2.66   2.39     19   0.704     ok    ok    ok     3861
  2050   22790   10178   2.62   2.48     17   0.696     ok     -    ok     3969
  2100   22820   10268   2.60   2.48     18   0.704     ok     -    ok     4078
  2150   22568   10164   2.61   2.33     17   0.706     ok     -    ok     4186
  2200   22380   10192   2.64   2.53     17   0.711     ok     -    ok     4293
  2250   22394   10072   2.66   2.34     20   0.703     ok     -    ok     4401
  2300   22298   10084   2.60   2.28     26   0.702     ok     -    ok     4506
  2350   22486   10104   2.61   2.12     28   0.702     ok     -    ok     4613
  2400   22390   10062   2.71   2.31     20   0.707     ok     -    ok     4759
  2450   22452   10066   2.67   2.19     24   0.703     ok     -    ok     4886
  2500   22654   10188   2.66   2.28     22   0.709     ok    ok    ok     5032
  2550   22778   10240   2.71   2.45     20   0.725     ok     -    ok     5155
  2600   22980   10140   2.66   2.34     20   0.696     ok     -    ok     5287
  2650   22778   10160   2.57   2.46     19   0.691     ok     -    ok     5399
  2700   22758   10162   2.70   2.25     23   0.691     ok     -    ok     5502
  2750   22392   10064   2.58   2.21     21   0.695     ok     -    ok     5605
  2800   22624   10156   2.61   2.24     19   0.704     ok     -    ok     5707
  2850   22696   10150   2.63   1.94     23   0.692     ok     -    ok     5809
  2900   22776   10164   2.64   2.24     19   0.721     ok     -    ok     5912
  2950   22962   10222   2.68   2.46     19   0.725     ok     -    ok     6015
  3000   23014   10276   2.59   2.26     20   0.718     ok    ok    ok     6136
  3050   22838   10102   2.75   2.31     19   0.724     ok     -    ok     6240
  3100   22860   10188   2.73   2.23     21   0.732     ok     -    ok     6344
  3150   23182   10222   2.67   2.22     21   0.726     ok     -    ok     6448
  3200   23382   10230   2.61   2.49     19   0.717     ok     -    ok     6554
  3250   23230   10100   2.69   2.12     23   0.692     ok     -    ok     6658
  3300   23380   10296   2.70   2.30     22   0.713     ok     -    ok     6764
  3350   23358   10268   2.69   2.31     20   0.717     ok     -    ok     6871
  3400   23300   10280   2.66   2.57     18   0.724     ok     -    ok     6975
  3450   23006   10188   2.59   2.36     19   0.719     ok     -    ok     7080
  3500   23248   10188   2.60   2.53     19   0.721     ok    ok    ok     7202
  3550   23224   10240   2.69   2.75     16   0.862     ok     -    ok     7307
  3600   23222   10316   2.62   2.68     16   0.876     ok     -    ok     7411
  3650   22894   10148   2.73   2.79     15   0.875     ok     -    ok     7515
  3700   23110   10268   2.63   2.76     14   0.880     ok     -    ok     7620
  3750   23190   10274   2.64   2.88     10   0.886     ok     -    ok     7725
  3800   23076   10056   2.68   2.64     17   0.863     ok     -    ok     7830
  3850   23276   10270   2.73   3.08     10   0.857     ok     -    ok     7934
  3900   23310   10236   2.70   3.00     12   0.849     ok     -    ok     8039
  3950   23286   10302   2.73   3.37     11   0.826     ok     -    ok     8144
  4000   23002   10088   2.67   2.76     17   0.875     ok    ok    ok     8265
  4050   23096   10148   2.58   3.01     14   0.868     ok     -    ok     8371
  4100   23232   10284   2.66   2.52     18   0.725     ok     -    ok     8476
  4150   23130   10156   2.66   3.17     14   0.852     ok     -    ok     8582
  4200   23348   10182   2.69   2.50     17   0.879     ok     -    ok     8687
  4250   23320   10252   2.63   2.62     16   0.885     ok     -    ok     8793
  4300   23152   10236   2.68   2.47     16   0.720     ok     -    ok     8898
  4350   23028   10128   2.73   2.35     18   0.710     ok     -    ok     9002
  4400   23170   10230   2.58   2.36     16   0.708     ok     -    ok     9105
  4450   23106   10124   2.63   2.37     17   0.700     ok     -    ok     9209
  4500   22894   10248   2.68   2.72     16   0.859     ok    ok    ok     9328
  4550   22786   10196   2.67   2.21     16   0.892     ok     -    ok     9431
  4600   23062   10216   2.76   2.26     22   0.710     ok     -    ok     9533
  4650   23228   10310   2.68   2.30     21   0.688     ok     -    ok     9637
  4700   23184   10262   2.76   2.14     30   0.692     ok     -    ok     9740
  4750   22916   10108   2.59   2.31     22   0.702     ok     -    ok     9844
  4800   23214   10216   2.66   2.15     28   0.703     ok     -    ok     9949
  4850   23154   10214   2.75   2.18     26   0.700     ok     -    ok    10054
  4900   23448   10396   2.75   2.31     19   0.902     ok     -    ok    10158
  4950   23154   10236   2.64   2.41     18   0.923     ok     -    ok    10262
  5000   22726   10094   2.65   2.33     22   0.719     ok    ok    ok    10382
  5050   22994   10112   2.63   2.50     16   0.720     ok     -    ok    10485
  5100   22970   10212   2.60   2.44     20   0.717     ok     -    ok    10588
  5150   23096   10180   2.71   2.78     13   0.863     ok     -    ok    10691
  5200   22996   10236   2.67   2.47     20   0.713     ok     -    ok    10796
  5250   23098   10208   2.67   2.62     10   0.859     ok     -    ok    10899
  5300   23024   10158   2.68   2.71     15   0.830     ok     -    ok    11003
  5350   23114   10056   2.62   2.43     14   0.845     ok     -    ok    11106
  5400   23000   10198   2.63   2.29     20   0.717     ok     -    ok    11210
  5450   22902   10184   2.69   2.69     17   0.704     ok     -    ok    11313
  5500   22812   10182   2.63   3.06     10   0.832     ok    ok    ok    11433
  5550   22738   10148   2.65   2.79     13   0.858     ok     -    ok    11536
  5600   22738   10128   2.66   2.46     10   0.873     ok     -    ok    11638
  5650   22776   10120   2.68   2.66     13   0.713     ok     -    ok    11742
  5700   22966   10188   2.69   2.64     13   0.710     ok     -    ok    11845
  5750   23246   10262   2.66   2.82     15   0.729     ok     -    ok    11949
  5800   23578   10228   2.69   2.57     17   0.861     ok     -    ok    12053
  5850   23642   10218   2.71   2.68     22   0.729     ok     -    ok    12159
  5900   23800   10266   2.69   2.56     19   0.859     ok     -    ok    12265
  5950   23506   10102   2.62   2.84     17   0.844     ok     -    ok    12372
  6000   23624   10184   2.66   2.95     12   0.850     ok    ok    ok    12495
  6050   23678   10252   2.70   2.43     21   0.733     ok     -    ok    12601
  6100   23630   10252   2.67   2.92     15   0.853     ok     -    ok    12708
  6150   23776   10336   2.69   2.93     12   0.854     ok     -    ok    12814
  6200   23644   10258   2.68   2.81     14   0.853     ok     -    ok    12920
  6250   23564   10208   2.67   2.79     14   0.881     ok     -    ok    13027
  6300   23764   10260   2.75   3.04     13   0.814     ok     -    ok    13134
  6350   23814   10174   2.65   3.02     15   0.880     ok     -    ok    13241
  6400   23926   10236   2.61   2.92     15   0.849     ok     -    ok    13348
  6450   23798   10282   2.70   2.75     17   0.731     ok     -    ok    13454
  6500   23876   10344   2.65   2.91     12   0.872     ok    ok    ok    13579
  6550   23974   10308   2.62   2.65     20   0.755     ok     -    ok    13686
  6600   23806   10270   2.59   2.96     14   0.816     ok     -    ok    13792
  6650   23778   10188   2.66   2.92     13   0.826     ok     -    ok    13899
  6700   23708   10070   2.72   2.78     15   0.832     ok     -    ok    14006
  6750   24002   10300   2.73   2.73     18   0.843     ok     -    ok    14113
  6800   23660   10288   2.56   2.69     16   0.863     ok     -    ok    14219
  6850   23448   10178   2.65   2.45     21   0.712     ok     -    ok    14324
  6900   23490   10288   2.73   2.43     21   0.719     ok     -    ok    14429
  6950   23398   10314   2.69   2.87     11   0.869     ok     -    ok    14534
  7000   23292   10198   2.71   2.93     14   0.851     ok    ok    ok    14656
  7050   22934   10080   2.61   3.02     15   0.873     ok     -    ok    14759
  7100   23302   10270   2.71   2.88     17   0.851     ok     -    ok    14863
  7150   23196   10128   2.68   2.72     13   0.865     ok     -    ok    14968
  7200   23254   10236   2.71   2.91     12   0.852     ok     -    ok    15073
  7250   23238   10114   2.60   2.55     19   0.737     ok     -    ok    15178
  7300   23150   10142   2.72   2.76     15   0.841     ok     -    ok    15282
  7350   23288   10224   2.77   2.68     13   0.859     ok     -    ok    15388
  7400   23374   10224   2.72   3.04     16   0.868     ok     -    ok    15494
  7450   23154   10144   2.63   2.81     15   0.888     ok     -    ok    15598
  7500   23404   10340   2.70   2.80     16   0.858     ok    ok    ok    15720
  7550   23164   10182   2.65   2.69     17   0.871     ok     -    ok    15823
  7600   23578   10314   2.64   2.78     16   0.856     ok     -    ok    15930
  7650   23208   10164   2.64   3.64      9   0.804     ok     -    ok    16035
  7700   23458   10212   2.63   2.96     16   0.864     ok     -    ok    16140
  7750   23406   10196   2.73   3.17     16   0.826     ok     -    ok    16246
  7800   23524   10194   2.66   3.15     13   0.824     ok     -    ok    16351
  7850   23582   10272   2.71   3.18     13   0.824     ok     -    ok    16457
  7900   23462   10310   2.66   2.96     13   0.832     ok     -    ok    16564
  7950   23458   10212   2.58   3.21     13   0.822     ok     -    ok    16667
  8000   23384   10232   2.71   3.60      9   0.777     ok    ok    ok    16786
  8050   23530   10234   2.61   3.71     10   0.735     ok     -    ok    16888
  8100   23506   10180   2.69   3.57     10   0.762     ok     -    ok    16993
  8150   23538   10206   2.68   3.57     11   0.747     ok     -    ok    17099
  8200   23422   10214   2.64   3.62     10   0.771     ok     -    ok    17205
  8250   23430   10250   2.69   3.29     12   0.789     ok     -    ok    17311
  8300   23372   10226   2.65   3.83      9   0.746     ok     -    ok    17415
  8350   23426   10162   2.63   4.13      8   0.747     ok     -    ok    17520
  8400   23598   10328   2.76   3.93      9   0.769     ok     -    ok    17626
  8450   23372   10112   2.69   3.48      9   0.766     ok     -    ok    17731
  8500   23428   10178   2.63   3.71     11   0.774     ok    ok    ok    17854
  8550   23488   10270   2.73   3.58      9   0.796     ok     -    ok    17960
  8600   23446   10162   2.69   3.68      9   0.776     ok     -    ok    18065
  8650   23570   10240   2.67   3.61      8   0.778     ok     -    ok    18171
  8700   23708   10286   2.67   4.26      6   0.717     ok     -    ok    18276
  8750   23576   10212   2.62   3.43      9   0.791     ok     -    ok    18382
  8800   23508   10238   2.72   3.42     12   0.788     ok     -    ok    18488
  8850   23362   10150   2.61   3.31     10   0.794     ok     -    ok    18595
  8900   23458   10292   2.59   2.97     14   0.818     ok     -    ok    18700
  8950   23506   10272   2.66   3.36     12   0.818     ok     -    ok    18806
  9000   23532   10200   2.67   3.55     11   0.807     ok    ok    ok    18929
  9050   23558   10254   2.75   3.57      9   0.790     ok     -    ok    19035
  9100   23430   10120   2.64   3.27     11   0.818     ok     -    ok    19141
  9150   23324   10182   2.76   3.55     10   0.795     ok     -    ok    19246
  9200   23552   10278   2.74   3.25     10   0.782     ok     -    ok    19352
  9250   23268   10146   2.66   3.14     11   0.811     ok     -    ok    19458
  9300   23462   10238   2.74   2.92     15   0.836     ok     -    ok    19563
  9350   23596   10158   2.76   3.50      9   0.793     ok     -    ok    19668
  9400   23666   10162   2.67   3.45      9   0.785     ok     -    ok    19775
  9450   23818   10268   2.75   3.38     12   0.781     ok     -    ok    19881
  9500   23526   10194   2.76   3.17     12   0.783     ok    ok    ok    20007
  9550   23928   10206   2.73   2.90     12   0.796     ok     -    ok    20113
  9600   23744   10216   2.76   3.05     14   0.811     ok     -    ok    20220
  9650   23934   10254   2.69   3.15     13   0.824     ok     -    ok    20328
  9700   24038   10376   2.71   3.19     12   0.818     ok     -    ok    20436
  9750   23548   10156   2.76   2.84     14   0.845     ok     -    ok    20543
  9800   23652   10196   2.66   3.08     12   0.843     ok     -    ok    20648
  9850   23608   10150   2.73   2.90     14   0.837     ok     -    ok    20754
  9900   23552   10210   2.70   3.09     16   0.818     ok     -    ok    20860
  9950   23678   10242   2.72   3.16     14   0.803     ok     -    ok    20967
 10000   23786   10190   2.77   3.00     13   0.822     ok    ok    ok    21091
 10050   23572   10222   2.74   3.01     16   0.813     ok     -    ok    21196
 10100   23512   10104   2.71   2.90     13   0.829     ok     -    ok    21302
 10150   23668   10228   2.67   2.91     16   0.854     ok     -    ok    21408
 10200   23500   10160   2.70   2.83     15   0.854     ok     -    ok    21514
 10250   23552   10134   2.70   2.84     19   0.872     ok     -    ok    21620
 10300   23854   10368   2.71   3.24     14   0.839     ok     -    ok    21725
 10350   23494   10136   2.68   3.13     12   0.796     ok     -    ok    21830
 10400   23724   10204   2.74   3.21     15   0.844     ok     -    ok    21935
 10450   23794   10220   2.59   2.93     18   0.862     ok     -    ok    22041
 10500   24060   10374   2.71   2.79     16   0.859     ok    ok    ok    22165
 10550   23850   10234   2.71   3.47     14   0.839     ok     -    ok    22272
 10600   23754   10174   2.64   2.96     17   0.867     ok     -    ok    22379
 10650   23744   10270   2.75   3.57     17   0.831     ok     -    ok    22486
 10700   23908   10292   2.77   2.86     18   0.877     ok     -    ok    22591
 10750   24020   10282   2.68   3.03     20   0.865     ok     -    ok    22698
 10800   23656   10220   2.67   2.88     18   0.879     ok     -    ok    22806
 10850   23534   10302   2.68   2.69     23   0.737     ok     -    ok    22911
 10900   23620   10394   2.72   2.68     25   0.736     ok     -    ok    23015
 10950   23520   10226   2.71   2.77     22   0.738     ok     -    ok    23120
 11000   23182   10182   2.65   2.70     19   0.870     ok    ok    ok    23241
 11050   23184   10172   2.71   2.72     20   0.724     ok     -    ok    23346
 11100   23326   10166   2.60   2.61     23   0.722     ok     -    ok    23450
 11150   23412   10202   2.80   2.78     21   0.724     ok     -    ok    23555
 11200   23254   10150   2.52   2.88     22   0.730     ok     -    ok    23659
 11250   23124   10152   2.68   2.96     17   0.837     ok     -    ok    23764
 11300   23102   10258   2.65   2.84     21   0.732     ok     -    ok    23869
 11350   22990   10060   2.68   3.05     18   0.851     ok     -    ok    23973
 11400   23070   10188   2.66   2.67     22   0.729     ok     -    ok    24078
 11450   23196   10224   2.73   2.72     22   0.720     ok     -    ok    24182
 11500   23488   10224   2.74   2.91     18   0.829     ok    ok    ok    24303
 11550   23468   10216   2.67   3.34     13   0.815     ok     -    ok    24410
 11600   23308   10206   2.67   2.96     17   0.822     ok     -    ok    24516
 11650   23270   10224   2.66   3.11     16   0.832     ok     -    ok    24622
 11700   23362   10186   2.72   2.84     19   0.856     ok     -    ok    24728
 11750   23516   10262   2.82   2.79     18   0.868     ok     -    ok    24835
 11800   23086   10188   2.75   2.86     17   0.850     ok     -    ok    24940
 11850   23152   10244   2.74   2.80     19   0.710     ok     -    ok    25045
 11900   23258   10194   2.77   3.08     14   0.865     ok     -    ok    25149
 11950   23136   10066   2.67   2.77     19   0.719     ok     -    ok    25253
 12000   23130   10198   2.76   3.06     17   0.864     ok    ok    ok    25374
 12050   22994   10050   2.74   2.90     15   0.889     ok     -    ok    25479
 12100   23302   10252   2.60   2.95     14   0.862     ok     -    ok    25584
 12150   23312   10166   2.63   3.07     16   0.840     ok     -    ok    25686
 12200   23300   10212   2.69   2.82     22   0.730     ok     -    ok    25786
 12250   23430   10322   2.61   2.85     15   0.907     ok     -    ok    25888
 12300   23490   10254   2.66   2.67     20   0.708     ok     -    ok    25995
 12350   23486   10132   2.66   2.61     18   0.696     ok     -    ok    26100
 12400   23560   10296   2.77   2.72     19   0.708     ok     -    ok    26206
 12450   23464   10230   2.69   3.03     11   0.847     ok     -    ok    26312
 12500   23418   10228   2.69   3.02     14   0.885     ok    ok    ok    26435
 12550   23128   10118   2.75   3.13     15   0.857     ok     -    ok    26540
 12600   23218   10186   2.70   2.94     13   0.848     ok     -    ok    26644
 12650   23456   10210   2.76   2.99     13   0.860     ok     -    ok    26749
 12700   23398   10172   2.67   2.74     14   0.880     ok     -    ok    26854
 12750   23470   10234   2.82   2.72     17   0.719     ok     -    ok    26959
 12800   23472   10208   2.72   2.55     19   0.884     ok     -    ok    27065
 12850   23466   10214   2.71   2.60     18   0.909     ok     -    ok    27170
 12900   23854   10274   2.68   2.88     16   0.710     ok     -    ok    27275
 12950   23842   10266   2.77   2.88     16   0.885     ok     -    ok    27381
 13000   23784   10298   2.73   2.59     18   0.693     ok    ok    ok    27505
 13050   24062   10460   2.67   2.57     18   0.684     ok     -    ok    27612
 13100   24020   10196   2.72   2.51     19   0.685     ok     -    ok    27719
 13150   24372   10364   2.64   2.62     18   0.695     ok     -    ok    27828
 13200   24316   10338   2.66   2.40     24   0.696     ok     -    ok    27936
 13250   24576   10314   2.68   2.50     22   0.697     ok     -    ok    28045
 13300   24598   10320   2.74   2.33     28   0.669     ok     -    ok    28154
 13350   24408   10198   2.69   2.43     23   0.667     ok     -    ok    28262
 13400   24992   10380   2.66   2.53     19   0.676     ok     -    ok    28371
 13450   24796   10416   2.71   2.37     23   0.673     ok     -    ok    28481
 13500   24644   10352   2.77   2.58     20   0.688     ok    ok    ok    28609
 13550   24458   10360   2.70   2.41     22   0.690     ok     -    ok    28718
 13600   24118   10148   2.68   2.62     21   0.682     ok     -    ok    28824
 13650   24060   10388   2.65   2.71     17   0.698     ok     -    ok    28932
 13700   23994   10318   2.73   2.95     18   0.693     ok     -    ok    29039
 13750   24062   10356   2.68   2.36     21   0.684     ok     -    ok    29146
 13800   23866   10278   2.62   2.57     23   0.700     ok     -    ok    29252
 13850   23696   10188   2.75   2.51     20   0.875     ok     -    ok    29358
 13900   23710   10226   2.66   2.53     18   0.696     ok     -    ok    29465
 13950   23736   10306   2.69   2.53     20   0.681     ok     -    ok    29573
 14000   23738   10230   2.71   2.71     19   0.700     ok    ok    ok    29697
 14050   23782   10284   2.68   2.97     19   0.707     ok     -    ok    29803
 14100   23430   10180   2.68   2.48     23   0.709     ok     -    ok    29909
 14150   23484   10192   2.65   2.24     24   0.698     ok     -    ok    30015
 14200   23604   10262   2.64   2.81     20   0.714     ok     -    ok    30120
 14250   23566   10214   2.73   2.87     16   0.709     ok     -    ok    30225
 14300   23338   10048   2.72   2.61     20   0.822     ok     -    ok    30332
 14350   23644   10150   2.69   2.66     20   0.837     ok     -    ok    30437
 14400   23622   10150   2.69   2.57     22   0.687     ok     -    ok    30543
 14450   23872   10304   2.78   2.73     20   0.841     ok     -    ok    30649
 14500   23836   10218   2.65   2.63     20   0.822     ok    ok    ok    30773
 14550   23858   10210   2.72   2.79     16   0.825     ok     -    ok    30879
 14600   23910   10282   2.73   2.74     22   0.703     ok     -    ok    30987
 14650   23678   10292   2.73   2.66     29   0.722     ok     -    ok    31094
 14700   23490   10178   2.59   2.85     23   0.720     ok     -    ok    31201
 14750   23766   10166   2.68   2.83     23   0.720     ok     -    ok    31307
 14800   23760   10258   2.70   2.79     23   0.707     ok     -    ok    31416
 14850   23972   10330   2.59   3.35     20   0.715     ok     -    ok    31524
 14900   23986   10286   2.76   3.81     12   0.846     ok     -    ok    31632
 14950   23732   10262   2.69   2.99     20   0.711     ok     -    ok    31738
 15000   23592   10178   2.77   3.41     16   0.732     ok    ok    ok    31862
 15050   23804   10310   2.73   3.12     22   0.733     ok     -    ok    31969
 15100   23486   10224   2.73   3.40     19   0.839     ok     -    ok    32075
 15150   23420   10118   2.64   3.38     18   0.840     ok     -    ok    32181
 15200   23550   10232   2.74   3.32     19   0.838     ok     -    ok    32287
 15250   23482   10172   2.68   3.02     25   0.722     ok     -    ok    32393
 15300   23538   10262   2.52   3.01     21   0.716     ok     -    ok    32499
 15350   23598   10316   2.68   2.42     26   0.708     ok     -    ok    32605
 15400   23354   10224   2.67   2.90     24   0.716     ok     -    ok    32711
 15450   23194   10160   2.68   2.52     25   0.709     ok     -    ok    32815
 15500   23526   10258   2.77   2.73     25   0.705     ok    ok    ok    32937
 15550   23354   10258   2.75   2.42     26   0.691     ok     -    ok    33042
 15600   23434   10186   2.73   2.83     24   0.698     ok     -    ok    33146
 15650   23356   10192   2.78   2.35     27   0.624     ok     -    ok    33251
 15700   23406   10206   2.77   2.43     25   0.682     ok     -    ok    33357
 15750   23392   10140   2.78   2.49     27   0.700     ok     -    ok    33462
 15800   23408   10188   2.59   2.54     25   0.705     ok     -    ok    33567
 15850   23332   10194   2.66   2.32     29   0.635     ok     -    ok    33672
 15900   23466   10148   2.71   2.51     23   0.701     ok     -    ok    33777
 15950   23636   10284   2.72   2.82     25   0.707     ok     -    ok    33883
 16000   23660   10314   2.82   2.65     23   0.712     ok    ok    ok    34007
 16050   23420   10068   2.73   2.53     25   0.650     ok     -    ok    34113
 16100   23516   10198   2.77   2.95     27   0.715     ok     -    ok    34219
 16150   23628   10208   2.73   2.70     23   0.710     ok     -    ok    34326
 16200   23450   10200   2.76   2.64     26   0.703     ok     -    ok    34434
 16250   23018   10062   2.75   2.67     29   0.702     ok     -    ok    34540
 16300   23358   10168   2.69   2.53     24   0.693     ok     -    ok    34646
 16350   23888   10368   2.80   2.52     26   0.696     ok     -    ok    34752
 16400   23716   10310   2.73   2.65     27   0.692     ok     -    ok    34860
 16450   23776   10282   2.72   2.97     25   0.709     ok     -    ok    34967
 16500   23916   10328   2.77   2.99     25   0.699     ok    ok    ok    35091
 16550   23768   10188   2.74   3.00     23   0.709     ok     -    ok    35200
 16600   23814   10328   2.73   2.77     24   0.703     ok     -    ok    35307
 16650   23734   10208   2.73   3.03     22   0.695     ok     -    ok    35429
 16700   23804   10280   2.72   3.00     20   0.803     ok     -    ok    35547
 16750   23628   10220   2.76   2.69     25   0.690     ok     -    ok    35666
